{"meta": {"format": 3, "version": "7.13.3", "timestamp": "2026-08-04T19:13:29.893765", "branch_coverage": false, "show_contexts": false}, "files": {"adam_v44/__init__.py": {"executed_lines": [1, 5, 10, 12, 14, 16], "summary": {"covered_lines": 6, "num_statements": 6, "percent_covered": 100.0, "percent_covered_display": "100", "missing_lines": 0, "excluded_lines": 0, "percent_statements_covered": 100.0, "percent_statements_covered_display": "100"}, "missing_lines": [], "excluded_lines": [], "functions": {"": {"executed_lines": [1, 5, 10, 12, 14, 16], "summary": {"covered_lines": 6, "num_statements": 6, "percent_covered": 100.0, "percent_covered_display": "100", "missing_lines": 0, "excluded_lines": 0, "percent_statements_covered": 100.0, "percent_statements_covered_display": "100"}, "missing_lines": [], "excluded_lines": [], "start_line": 1}}, "classes": {"": {"executed_lines": [1, 5, 10, 12, 14, 16], "summary": {"covered_lines": 6, "num_statements": 6, "percent_covered": 100.0, "percent_covered_display": "100", "missing_lines": 0, "excluded_lines": 0, "percent_statements_covered": 100.0, "percent_statements_covered_display": "100"}, "missing_lines": [], "excluded_lines": [], "start_line": 1}}}, "adam_v44/authority_service.py": {"executed_lines": [1, 3, 4, 5, 6, 8, 11, 12, 15, 44, 51, 52, 53, 54, 55, 56, 57, 59, 60, 63, 64, 66, 67, 68, 70, 72, 73, 75, 76, 78, 79, 81, 84, 85, 86, 87, 89, 90, 92, 94, 95, 97, 98], "summary": {"covered_lines": 43, "num_statements": 73, "percent_covered": 58.9041095890411, "percent_covered_display": "59", "missing_lines": 30, "excluded_lines": 0, "percent_statements_covered": 58.9041095890411, "percent_statements_covered_display": "59"}, "missing_lines": [16, 17, 18, 19, 20, 21, 22, 23, 24, 25, 26, 27, 28, 29, 30, 31, 32, 33, 34, 35, 37, 38, 39, 40, 41, 61, 65, 69, 82, 91], "excluded_lines": [], "functions": {"_serve": {"executed_lines": [], "summary": {"covered_lines": 0, "num_statements": 25, "percent_covered": 0.0, "percent_covered_display": "0", "missing_lines": 25, "excluded_lines": 0, "percent_statements_covered": 0.0, "percent_statements_covered_display": "0"}, "missing_lines": [16, 17, 18, 19, 20, 21, 22, 23, 24, 25, 26, 27, 28, 29, 30, 31, 32, 33, 34, 35, 37, 38, 39, 40, 41], "excluded_lines": [], "start_line": 15}, "IsolatedPhysicsAuthority.__init__": {"executed_lines": [52, 53, 54, 55, 56, 57], "summary": {"covered_lines": 6, "num_statements": 6, "percent_covered": 100.0, "percent_covered_display": "100", "missing_lines": 0, "excluded_lines": 0, "percent_statements_covered": 100.0, "percent_statements_covered_display": "100"}, "missing_lines": [], "excluded_lines": [], "start_line": 51}, "IsolatedPhysicsAuthority.pid": {"executed_lines": [], "summary": {"covered_lines": 0, "num_statements": 1, "percent_covered": 0.0, "percent_covered_display": "0", "missing_lines": 1, "excluded_lines": 0, "percent_statements_covered": 0.0, "percent_statements_covered_display": "0"}, "missing_lines": [61], "excluded_lines": [], "start_line": 60}, "IsolatedPhysicsAuthority._call": {"executed_lines": [64, 66, 67, 68, 70], "summary": {"covered_lines": 5, "num_statements": 7, "percent_covered": 71.42857142857143, "percent_covered_display": "71", "missing_lines": 2, "excluded_lines": 0, "percent_statements_covered": 71.42857142857143, "percent_statements_covered_display": "71"}, "missing_lines": [65, 69], "excluded_lines": [], "start_line": 63}, "IsolatedPhysicsAuthority.root": {"executed_lines": [73], "summary": {"covered_lines": 1, "num_statements": 1, "percent_covered": 100.0, "percent_covered_display": "100", "missing_lines": 0, "excluded_lines": 0, "percent_statements_covered": 100.0, "percent_statements_covered_display": "100"}, "missing_lines": [], "excluded_lines": [], "start_line": 72}, "IsolatedPhysicsAuthority.simulate": {"executed_lines": [76], "summary": {"covered_lines": 1, "num_statements": 1, "percent_covered": 100.0, "percent_covered_display": "100", "missing_lines": 0, "excluded_lines": 0, "percent_statements_covered": 100.0, "percent_statements_covered_display": "100"}, "missing_lines": [], "excluded_lines": [], "start_line": 75}, "IsolatedPhysicsAuthority.commit": {"executed_lines": [79], "summary": {"covered_lines": 1, "num_statements": 1, "percent_covered": 100.0, "percent_covered_display": "100", "missing_lines": 0, "excluded_lines": 0, "percent_statements_covered": 100.0, "percent_statements_covered_display": "100"}, "missing_lines": [], "excluded_lines": [], "start_line": 78}, "IsolatedPhysicsAuthority.worldline": {"executed_lines": [], "summary": {"covered_lines": 0, "num_statements": 1, "percent_covered": 0.0, "percent_covered_display": "0", "missing_lines": 1, "excluded_lines": 0, "percent_statements_covered": 0.0, "percent_statements_covered_display": "0"}, "missing_lines": [82], "excluded_lines": [], "start_line": 81}, "IsolatedPhysicsAuthority.close": {"executed_lines": [85, 86, 87, 89, 90, 92], "summary": {"covered_lines": 6, "num_statements": 7, "percent_covered": 85.71428571428571, "percent_covered_display": "86", "missing_lines": 1, "excluded_lines": 0, "percent_statements_covered": 85.71428571428571, "percent_statements_covered_display": "86"}, "missing_lines": [91], "excluded_lines": [], "start_line": 84}, "IsolatedPhysicsAuthority.__enter__": {"executed_lines": [95], "summary": {"covered_lines": 1, "num_statements": 1, "percent_covered": 100.0, "percent_covered_display": "100", "missing_lines": 0, "excluded_lines": 0, "percent_statements_covered": 100.0, "percent_statements_covered_display": "100"}, "missing_lines": [], "excluded_lines": [], "start_line": 94}, "IsolatedPhysicsAuthority.__exit__": {"executed_lines": [98], "summary": {"covered_lines": 1, "num_statements": 1, "percent_covered": 100.0, "percent_covered_display": "100", "missing_lines": 0, "excluded_lines": 0, "percent_statements_covered": 100.0, "percent_statements_covered_display": "100"}, "missing_lines": [], "excluded_lines": [], "start_line": 97}, "": {"executed_lines": [1, 3, 4, 5, 6, 8, 11, 12, 15, 44, 51, 59, 60, 63, 72, 75, 78, 81, 84, 94, 97], "summary": {"covered_lines": 21, "num_statements": 21, "percent_covered": 100.0, "percent_covered_display": "100", "missing_lines": 0, "excluded_lines": 0, "percent_statements_covered": 100.0, "percent_statements_covered_display": "100"}, "missing_lines": [], "excluded_lines": [], "start_line": 1}}, "classes": {"AuthorityServiceError": {"executed_lines": [], "summary": {"covered_lines": 0, "num_statements": 0, "percent_covered": 100.0, "percent_covered_display": "100", "missing_lines": 0, "excluded_lines": 0, "percent_statements_covered": 100.0, "percent_statements_covered_display": "100"}, "missing_lines": [], "excluded_lines": [], "start_line": 11}, "IsolatedPhysicsAuthority": {"executed_lines": [52, 53, 54, 55, 56, 57, 64, 66, 67, 68, 70, 73, 76, 79, 85, 86, 87, 89, 90, 92, 95, 98], "summary": {"covered_lines": 22, "num_statements": 27, "percent_covered": 81.48148148148148, "percent_covered_display": "81", "missing_lines": 5, "excluded_lines": 0, "percent_statements_covered": 81.48148148148148, "percent_statements_covered_display": "81"}, "missing_lines": [61, 65, 69, 82, 91], "excluded_lines": [], "start_line": 44}, "": {"executed_lines": [1, 3, 4, 5, 6, 8, 11, 12, 15, 44, 51, 59, 60, 63, 72, 75, 78, 81, 84, 94, 97], "summary": {"covered_lines": 21, "num_statements": 46, "percent_covered": 45.65217391304348, "percent_covered_display": "46", "missing_lines": 25, "excluded_lines": 0, "percent_statements_covered": 45.65217391304348, "percent_statements_covered_display": "46"}, "missing_lines": [16, 17, 18, 19, 20, 21, 22, 23, 24, 25, 26, 27, 28, 29, 30, 31, 32, 33, 34, 35, 37, 38, 39, 40, 41], "excluded_lines": [], "start_line": 1}}}, "adam_v44/bond_algebra.py": {"executed_lines": [1, 3, 4, 5, 7, 10, 11, 12, 13, 14, 15, 16, 17, 18, 19, 22, 23, 24, 25, 26, 27, 28, 31, 32, 33, 34, 35, 37, 40, 41, 48, 49, 50, 51, 52, 53, 54, 55, 56, 57, 58, 59, 60, 61, 62, 63, 64, 65, 66, 68, 69, 71, 73, 76, 77, 97, 98, 99, 101, 102, 104, 110, 111, 114, 115, 116, 117, 118, 119, 120, 122, 123, 132, 133, 134, 135, 136, 137, 138, 139, 140, 141, 142, 143, 145, 146, 148, 149, 151, 154, 155, 156, 169, 170, 171, 173, 174, 177, 178, 179, 180, 181, 182, 183, 184, 185, 186, 189, 192, 193, 194, 195, 196, 198, 199, 201, 203, 204, 206, 207, 209, 210, 211, 212, 213, 218, 219, 220, 221, 223, 224, 225, 226, 227, 228, 230, 232, 234, 236, 238, 239, 247, 248, 249, 251, 252, 253, 254, 255, 256, 257, 259, 260, 261, 263, 264, 266, 269, 270, 271, 272, 273, 274, 276, 278, 279, 280, 281, 282, 286, 288, 289], "summary": {"covered_lines": 172, "num_statements": 197, "percent_covered": 87.30964467005076, "percent_covered_display": "87", "missing_lines": 25, "excluded_lines": 0, "percent_statements_covered": 87.30964467005076, "percent_statements_covered_display": "87"}, "missing_lines": [38, 70, 72, 74, 103, 147, 150, 152, 200, 214, 215, 216, 222, 229, 231, 233, 235, 237, 262, 267, 275, 277, 283, 284, 285], "excluded_lines": [], "functions": {"TimeScope.active": {"executed_lines": [], "summary": {"covered_lines": 0, "num_statements": 1, "percent_covered": 0.0, "percent_covered_display": "0", "missing_lines": 1, "excluded_lines": 0, "percent_statements_covered": 0.0, "percent_statements_covered_display": "0"}, "missing_lines": [38], "excluded_lines": [], "start_line": 37}, "TimeScope.canonical": {"executed_lines": [41], "summary": {"covered_lines": 1, "num_statements": 1, "percent_covered": 100.0, "percent_covered_display": "100", "missing_lines": 0, "excluded_lines": 0, "percent_statements_covered": 100.0, "percent_statements_covered_display": "100"}, "missing_lines": [], "excluded_lines": [], "start_line": 40}, "FirstClassBond.__post_init__": {"executed_lines": [69, 71, 73], "summary": {"covered_lines": 3, "num_statements": 6, "percent_covered": 50.0, "percent_covered_display": "50", "missing_lines": 3, "excluded_lines": 0, "percent_statements_covered": 50.0, "percent_statements_covered_display": "50"}, "missing_lines": [70, 72, 74], "excluded_lines": [], "start_line": 68}, "FirstClassBond.canonical": {"executed_lines": [77], "summary": {"covered_lines": 1, "num_statements": 1, "percent_covered": 100.0, "percent_covered_display": "100", "missing_lines": 0, "excluded_lines": 0, "percent_statements_covered": 100.0, "percent_statements_covered_display": "100"}, "missing_lines": [], "excluded_lines": [], "start_line": 76}, "FirstClassBond.bond_id": {"executed_lines": [99], "summary": {"covered_lines": 1, "num_statements": 1, "percent_covered": 100.0, "percent_covered_display": "100", "missing_lines": 0, "excluded_lines": 0, "percent_statements_covered": 100.0, "percent_statements_covered_display": "100"}, "missing_lines": [], "excluded_lines": [], "start_line": 98}, "FirstClassBond.terminate": {"executed_lines": [102, 104], "summary": {"covered_lines": 2, "num_statements": 3, "percent_covered": 66.66666666666667, "percent_covered_display": "67", "missing_lines": 1, "excluded_lines": 0, "percent_statements_covered": 66.66666666666667, "percent_statements_covered_display": "67"}, "missing_lines": [103], "excluded_lines": [], "start_line": 101}, "FirstClassBond.as_atomic_node": {"executed_lines": [111], "summary": {"covered_lines": 1, "num_statements": 1, "percent_covered": 100.0, "percent_covered_display": "100", "missing_lines": 0, "excluded_lines": 0, "percent_statements_covered": 100.0, "percent_statements_covered_display": "100"}, "missing_lines": [], "excluded_lines": [], "start_line": 110}, "HyperRole.canonical": {"executed_lines": [123], "summary": {"covered_lines": 1, "num_statements": 1, "percent_covered": 100.0, "percent_covered_display": "100", "missing_lines": 0, "excluded_lines": 0, "percent_statements_covered": 100.0, "percent_statements_covered_display": "100"}, "missing_lines": [], "excluded_lines": [], "start_line": 122}, "HyperBond.__post_init__": {"executed_lines": [146, 148, 149, 151], "summary": {"covered_lines": 4, "num_statements": 7, "percent_covered": 57.142857142857146, "percent_covered_display": "57", "missing_lines": 3, "excluded_lines": 0, "percent_statements_covered": 57.142857142857146, "percent_statements_covered_display": "57"}, "missing_lines": [147, 150, 152], "excluded_lines": [], "start_line": 145}, "HyperBond.canonical": {"executed_lines": [155, 156], "summary": {"covered_lines": 2, "num_statements": 2, "percent_covered": 100.0, "percent_covered_display": "100", "missing_lines": 0, "excluded_lines": 0, "percent_statements_covered": 100.0, "percent_statements_covered_display": "100"}, "missing_lines": [], "excluded_lines": [], "start_line": 154}, "HyperBond.hyperbond_id": {"executed_lines": [171], "summary": {"covered_lines": 1, "num_statements": 1, "percent_covered": 100.0, "percent_covered_display": "100", "missing_lines": 0, "excluded_lines": 0, "percent_statements_covered": 100.0, "percent_statements_covered_display": "100"}, "missing_lines": [], "excluded_lines": [], "start_line": 170}, "HyperBond.as_atomic_node": {"executed_lines": [174], "summary": {"covered_lines": 1, "num_statements": 1, "percent_covered": 100.0, "percent_covered_display": "100", "missing_lines": 0, "excluded_lines": 0, "percent_statements_covered": 100.0, "percent_statements_covered_display": "100"}, "missing_lines": [], "excluded_lines": [], "start_line": 173}, "BondAlgebra.__init__": {"executed_lines": [193, 194, 195, 196], "summary": {"covered_lines": 4, "num_statements": 4, "percent_covered": 100.0, "percent_covered_display": "100", "missing_lines": 0, "excluded_lines": 0, "percent_statements_covered": 100.0, "percent_statements_covered_display": "100"}, "missing_lines": [], "excluded_lines": [], "start_line": 192}, "BondAlgebra.declare_entity": {"executed_lines": [199, 201], "summary": {"covered_lines": 2, "num_statements": 3, "percent_covered": 66.66666666666667, "percent_covered_display": "67", "missing_lines": 1, "excluded_lines": 0, "percent_statements_covered": 66.66666666666667, "percent_statements_covered_display": "67"}, "missing_lines": [200], "excluded_lines": [], "start_line": 198}, "BondAlgebra.register_constraint": {"executed_lines": [204], "summary": {"covered_lines": 1, "num_statements": 1, "percent_covered": 100.0, "percent_covered_display": "100", "missing_lines": 0, "excluded_lines": 0, "percent_statements_covered": 100.0, "percent_statements_covered_display": "100"}, "missing_lines": [], "excluded_lines": [], "start_line": 203}, "BondAlgebra._node_exists": {"executed_lines": [207], "summary": {"covered_lines": 1, "num_statements": 1, "percent_covered": 100.0, "percent_covered_display": "100", "missing_lines": 0, "excluded_lines": 0, "percent_statements_covered": 100.0, "percent_statements_covered_display": "100"}, "missing_lines": [], "excluded_lines": [], "start_line": 206}, "BondAlgebra._node_type": {"executed_lines": [210, 211, 212, 213], "summary": {"covered_lines": 4, "num_statements": 7, "percent_covered": 57.142857142857146, "percent_covered_display": "57", "missing_lines": 3, "excluded_lines": 0, "percent_statements_covered": 57.142857142857146, "percent_statements_covered_display": "57"}, "missing_lines": [214, 215, 216], "excluded_lines": [], "start_line": 209}, "BondAlgebra.validate_bond": {"executed_lines": [219, 220, 221, 223, 224, 225, 226, 227, 228, 230, 232, 234, 236, 238, 239, 247, 248, 249], "summary": {"covered_lines": 18, "num_statements": 24, "percent_covered": 75.0, "percent_covered_display": "75", "missing_lines": 6, "excluded_lines": 0, "percent_statements_covered": 75.0, "percent_statements_covered_display": "75"}, "missing_lines": [222, 229, 231, 233, 235, 237], "excluded_lines": [], "start_line": 218}, "BondAlgebra.add_bond": {"executed_lines": [252, 253, 254, 255, 256, 257], "summary": {"covered_lines": 6, "num_statements": 6, "percent_covered": 100.0, "percent_covered_display": "100", "missing_lines": 0, "excluded_lines": 0, "percent_statements_covered": 100.0, "percent_statements_covered_display": "100"}, "missing_lines": [], "excluded_lines": [], "start_line": 251}, "BondAlgebra.add_hyperbond": {"executed_lines": [260, 261, 263, 264], "summary": {"covered_lines": 4, "num_statements": 5, "percent_covered": 80.0, "percent_covered_display": "80", "missing_lines": 1, "excluded_lines": 0, "percent_statements_covered": 80.0, "percent_statements_covered_display": "80"}, "missing_lines": [262], "excluded_lines": [], "start_line": 259}, "BondAlgebra.active_bonds": {"executed_lines": [], "summary": {"covered_lines": 0, "num_statements": 1, "percent_covered": 0.0, "percent_covered_display": "0", "missing_lines": 1, "excluded_lines": 0, "percent_statements_covered": 0.0, "percent_statements_covered_display": "0"}, "missing_lines": [267], "excluded_lines": [], "start_line": 266}, "BondAlgebra.closure": {"executed_lines": [270, 271, 272, 273, 274, 276, 278, 279, 280, 281, 282, 286], "summary": {"covered_lines": 12, "num_statements": 17, "percent_covered": 70.58823529411765, "percent_covered_display": "71", "missing_lines": 5, "excluded_lines": 0, "percent_statements_covered": 70.58823529411765, "percent_statements_covered_display": "71"}, "missing_lines": [275, 277, 283, 284, 285], "excluded_lines": [], "start_line": 269}, "BondAlgebra.root": {"executed_lines": [289], "summary": {"covered_lines": 1, "num_statements": 1, "percent_covered": 100.0, "percent_covered_display": "100", "missing_lines": 0, "excluded_lines": 0, "percent_statements_covered": 100.0, "percent_statements_covered_display": "100"}, "missing_lines": [], "excluded_lines": [], "start_line": 288}, "": {"executed_lines": [1, 3, 4, 5, 7, 10, 11, 12, 13, 14, 15, 16, 17, 18, 19, 22, 23, 24, 25, 26, 27, 28, 31, 32, 33, 34, 35, 37, 40, 48, 49, 50, 51, 52, 53, 54, 55, 56, 57, 58, 59, 60, 61, 62, 63, 64, 65, 66, 68, 76, 97, 98, 101, 110, 114, 115, 116, 117, 118, 119, 120, 122, 132, 133, 134, 135, 136, 137, 138, 139, 140, 141, 142, 143, 145, 154, 169, 170, 173, 177, 178, 179, 180, 181, 182, 183, 184, 185, 186, 189, 192, 198, 203, 206, 209, 218, 251, 259, 266, 269, 288], "summary": {"covered_lines": 101, "num_statements": 101, "percent_covered": 100.0, "percent_covered_display": "100", "missing_lines": 0, "excluded_lines": 0, "percent_statements_covered": 100.0, "percent_statements_covered_display": "100"}, "missing_lines": [], "excluded_lines": [], "start_line": 1}}, "classes": {"BondFamily": {"executed_lines": [], "summary": {"covered_lines": 0, "num_statements": 0, "percent_covered": 100.0, "percent_covered_display": "100", "missing_lines": 0, "excluded_lines": 0, "percent_statements_covered": 100.0, "percent_statements_covered_display": "100"}, "missing_lines": [], "excluded_lines": [], "start_line": 10}, "ConfidenceClass": {"executed_lines": [], "summary": {"covered_lines": 0, "num_statements": 0, "percent_covered": 100.0, "percent_covered_display": "100", "missing_lines": 0, "excluded_lines": 0, "percent_statements_covered": 100.0, "percent_statements_covered_display": "100"}, "missing_lines": [], "excluded_lines": [], "start_line": 22}, "TimeScope": {"executed_lines": [41], "summary": {"covered_lines": 1, "num_statements": 2, "percent_covered": 50.0, "percent_covered_display": "50", "missing_lines": 1, "excluded_lines": 0, "percent_statements_covered": 50.0, "percent_statements_covered_display": "50"}, "missing_lines": [38], "excluded_lines": [], "start_line": 32}, "FirstClassBond": {"executed_lines": [69, 71, 73, 77, 99, 102, 104, 111], "summary": {"covered_lines": 8, "num_statements": 12, "percent_covered": 66.66666666666667, "percent_covered_display": "67", "missing_lines": 4, "excluded_lines": 0, "percent_statements_covered": 66.66666666666667, "percent_statements_covered_display": "67"}, "missing_lines": [70, 72, 74, 103], "excluded_lines": [], "start_line": 49}, "HyperRole": {"executed_lines": [123], "summary": {"covered_lines": 1, "num_statements": 1, "percent_covered": 100.0, "percent_covered_display": "100", "missing_lines": 0, "excluded_lines": 0, "percent_statements_covered": 100.0, "percent_statements_covered_display": "100"}, "missing_lines": [], "excluded_lines": [], "start_line": 115}, "HyperBond": {"executed_lines": [146, 148, 149, 151, 155, 156, 171, 174], "summary": {"covered_lines": 8, "num_statements": 11, "percent_covered": 72.72727272727273, "percent_covered_display": "73", "missing_lines": 3, "excluded_lines": 0, "percent_statements_covered": 72.72727272727273, "percent_statements_covered_display": "73"}, "missing_lines": [147, 150, 152], "excluded_lines": [], "start_line": 133}, "ValenceConstraint": {"executed_lines": [], "summary": {"covered_lines": 0, "num_statements": 0, "percent_covered": 100.0, "percent_covered_display": "100", "missing_lines": 0, "excluded_lines": 0, "percent_statements_covered": 100.0, "percent_statements_covered_display": "100"}, "missing_lines": [], "excluded_lines": [], "start_line": 178}, "BondAlgebra": {"executed_lines": [193, 194, 195, 196, 199, 201, 204, 207, 210, 211, 212, 213, 219, 220, 221, 223, 224, 225, 226, 227, 228, 230, 232, 234, 236, 238, 239, 247, 248, 249, 252, 253, 254, 255, 256, 257, 260, 261, 263, 264, 270, 271, 272, 273, 274, 276, 278, 279, 280, 281, 282, 286, 289], "summary": {"covered_lines": 53, "num_statements": 70, "percent_covered": 75.71428571428571, "percent_covered_display": "76", "missing_lines": 17, "excluded_lines": 0, "percent_statements_covered": 75.71428571428571, "percent_statements_covered_display": "76"}, "missing_lines": [200, 214, 215, 216, 222, 229, 231, 233, 235, 237, 262, 267, 275, 277, 283, 284, 285], "excluded_lines": [], "start_line": 189}, "": {"executed_lines": [1, 3, 4, 5, 7, 10, 11, 12, 13, 14, 15, 16, 17, 18, 19, 22, 23, 24, 25, 26, 27, 28, 31, 32, 33, 34, 35, 37, 40, 48, 49, 50, 51, 52, 53, 54, 55, 56, 57, 58, 59, 60, 61, 62, 63, 64, 65, 66, 68, 76, 97, 98, 101, 110, 114, 115, 116, 117, 118, 119, 120, 122, 132, 133, 134, 135, 136, 137, 138, 139, 140, 141, 142, 143, 145, 154, 169, 170, 173, 177, 178, 179, 180, 181, 182, 183, 184, 185, 186, 189, 192, 198, 203, 206, 209, 218, 251, 259, 266, 269, 288], "summary": {"covered_lines": 101, "num_statements": 101, "percent_covered": 100.0, "percent_covered_display": "100", "missing_lines": 0, "excluded_lines": 0, "percent_statements_covered": 100.0, "percent_statements_covered_display": "100"}, "missing_lines": [], "excluded_lines": [], "start_line": 1}}}, "adam_v44/demo.py": {"executed_lines": [1, 3, 4, 10, 11, 12, 13, 18, 19, 23, 27, 31, 40, 41, 42, 54, 66, 69, 70, 79, 80], "summary": {"covered_lines": 21, "num_statements": 21, "percent_covered": 100.0, "percent_covered_display": "100", "missing_lines": 0, "excluded_lines": 0, "percent_statements_covered": 100.0, "percent_statements_covered_display": "100"}, "missing_lines": [], "excluded_lines": [], "functions": {"build_equipment_physics": {"executed_lines": [11, 12, 13, 18, 19, 23, 27, 31, 40, 41, 42, 54, 66], "summary": {"covered_lines": 13, "num_statements": 13, "percent_covered": 100.0, "percent_covered_display": "100", "missing_lines": 0, "excluded_lines": 0, "percent_statements_covered": 100.0, "percent_statements_covered_display": "100"}, "missing_lines": [], "excluded_lines": [], "start_line": 10}, "assignment_intent": {"executed_lines": [70], "summary": {"covered_lines": 1, "num_statements": 1, "percent_covered": 100.0, "percent_covered_display": "100", "missing_lines": 0, "excluded_lines": 0, "percent_statements_covered": 100.0, "percent_statements_covered_display": "100"}, "missing_lines": [], "excluded_lines": [], "start_line": 69}, "release_intent": {"executed_lines": [80], "summary": {"covered_lines": 1, "num_statements": 1, "percent_covered": 100.0, "percent_covered_display": "100", "missing_lines": 0, "excluded_lines": 0, "percent_statements_covered": 100.0, "percent_statements_covered_display": "100"}, "missing_lines": [], "excluded_lines": [], "start_line": 79}, "": {"executed_lines": [1, 3, 4, 10, 69, 79], "summary": {"covered_lines": 6, "num_statements": 6, "percent_covered": 100.0, "percent_covered_display": "100", "missing_lines": 0, "excluded_lines": 0, "percent_statements_covered": 100.0, "percent_statements_covered_display": "100"}, "missing_lines": [], "excluded_lines": [], "start_line": 1}}, "classes": {"": {"executed_lines": [1, 3, 4, 10, 11, 12, 13, 18, 19, 23, 27, 31, 40, 41, 42, 54, 66, 69, 70, 79, 80], "summary": {"covered_lines": 21, "num_statements": 21, "percent_covered": 100.0, "percent_covered_display": "100", "missing_lines": 0, "excluded_lines": 0, "percent_statements_covered": 100.0, "percent_statements_covered_display": "100"}, "missing_lines": [], "excluded_lines": [], "start_line": 1}}}, "adam_v44/physics.py": {"executed_lines": [1, 3, 4, 6, 7, 10, 11, 12, 13, 14, 15, 16, 17, 19, 20, 21, 23, 24, 25, 26, 27, 40, 41, 42, 43, 44, 46, 47, 57, 58, 59, 60, 61, 63, 64, 65, 66, 67, 68, 69, 70, 71, 72, 73, 74, 75, 76, 77, 78, 79, 80, 81, 82, 83, 84, 85, 89, 90, 91, 92, 93, 94, 95, 96, 97, 98, 99, 101, 102, 103, 105, 106, 107, 115, 132, 133, 134, 135, 136, 137, 138, 139, 140, 141, 144, 145, 146, 147, 148, 149, 150, 151, 152, 153, 154, 155, 156, 158, 159, 160, 162, 163, 178, 179, 180, 181, 182, 184, 185, 187, 190, 191, 194, 197, 198, 199, 200, 201, 202, 203, 204, 206, 207, 208, 210, 211, 213, 214, 216, 217, 219, 221, 222, 224, 225, 227, 228, 229, 230, 231, 233, 234, 235, 236, 237, 238, 239, 241, 242, 243, 244, 245, 248, 249, 250, 251, 252, 253, 255, 256, 259, 260, 268, 269, 270, 271, 272, 273, 275, 277, 278, 279, 280, 281, 282, 283, 284, 286, 287, 288, 289, 290, 296, 297, 299, 300, 302, 308, 309, 310, 311, 312, 313, 314, 316, 321, 334, 336, 337, 339, 340, 341, 342, 343, 344, 345, 346, 347, 348, 349, 350, 351, 352, 353, 354, 356, 358, 363, 364, 365, 366, 367, 368, 369, 370], "summary": {"covered_lines": 225, "num_statements": 239, "percent_covered": 94.14225941422595, "percent_covered_display": "94", "missing_lines": 14, "excluded_lines": 0, "percent_statements_covered": 94.14225941422595, "percent_statements_covered_display": "94"}, "missing_lines": [86, 186, 212, 218, 246, 247, 254, 257, 285, 298, 338, 359, 360, 361], "excluded_lines": [], "functions": {"BondTemplate._resolve": {"executed_lines": [21], "summary": {"covered_lines": 1, "num_statements": 1, "percent_covered": 100.0, "percent_covered_display": "100", "missing_lines": 0, "excluded_lines": 0, "percent_statements_covered": 100.0, "percent_statements_covered_display": "100"}, "missing_lines": [], "excluded_lines": [], "start_line": 20}, "BondTemplate.instantiate": {"executed_lines": [24, 25, 26, 27], "summary": {"covered_lines": 4, "num_statements": 4, "percent_covered": 100.0, "percent_covered_display": "100", "missing_lines": 0, "excluded_lines": 0, "percent_statements_covered": 100.0, "percent_statements_covered_display": "100"}, "missing_lines": [], "excluded_lines": [], "start_line": 23}, "HyperBondTemplate.instantiate": {"executed_lines": [47], "summary": {"covered_lines": 1, "num_statements": 1, "percent_covered": 100.0, "percent_covered_display": "100", "missing_lines": 0, "excluded_lines": 0, "percent_statements_covered": 100.0, "percent_statements_covered_display": "100"}, "missing_lines": [], "excluded_lines": [], "start_line": 46}, "ConstitutionalLaw.evaluate": {"executed_lines": [64, 65, 66, 67, 68, 69, 70, 71, 72, 73, 74, 75, 76, 77, 78, 79, 80, 81, 82, 83, 84, 85], "summary": {"covered_lines": 22, "num_statements": 23, "percent_covered": 95.65217391304348, "percent_covered_display": "96", "missing_lines": 1, "excluded_lines": 0, "percent_statements_covered": 95.65217391304348, "percent_statements_covered_display": "96"}, "missing_lines": [86], "excluded_lines": [], "start_line": 63}, "ReactionDefinition.reaction_type_id": {"executed_lines": [103], "summary": {"covered_lines": 1, "num_statements": 1, "percent_covered": 100.0, "percent_covered_display": "100", "missing_lines": 0, "excluded_lines": 0, "percent_statements_covered": 100.0, "percent_statements_covered_display": "100"}, "missing_lines": [], "excluded_lines": [], "start_line": 102}, "ReactionDefinition.canonical": {"executed_lines": [106, 115], "summary": {"covered_lines": 2, "num_statements": 2, "percent_covered": 100.0, "percent_covered_display": "100", "missing_lines": 0, "excluded_lines": 0, "percent_statements_covered": 100.0, "percent_statements_covered_display": "100"}, "missing_lines": [], "excluded_lines": [], "start_line": 105}, "ReactionDefinition.canonical.bt": {"executed_lines": [107], "summary": {"covered_lines": 1, "num_statements": 1, "percent_covered": 100.0, "percent_covered_display": "100", "missing_lines": 0, "excluded_lines": 0, "percent_statements_covered": 100.0, "percent_statements_covered_display": "100"}, "missing_lines": [], "excluded_lines": [], "start_line": 106}, "ReactionProof.proof_id": {"executed_lines": [160], "summary": {"covered_lines": 1, "num_statements": 1, "percent_covered": 100.0, "percent_covered_display": "100", "missing_lines": 0, "excluded_lines": 0, "percent_statements_covered": 100.0, "percent_statements_covered_display": "100"}, "missing_lines": [], "excluded_lines": [], "start_line": 159}, "ReactionProof.canonical": {"executed_lines": [163], "summary": {"covered_lines": 1, "num_statements": 1, "percent_covered": 100.0, "percent_covered_display": "100", "missing_lines": 0, "excluded_lines": 0, "percent_statements_covered": 100.0, "percent_statements_covered_display": "100"}, "missing_lines": [], "excluded_lines": [], "start_line": 162}, "Worldline.append": {"executed_lines": [185, 187], "summary": {"covered_lines": 2, "num_statements": 3, "percent_covered": 66.66666666666667, "percent_covered_display": "67", "missing_lines": 1, "excluded_lines": 0, "percent_statements_covered": 66.66666666666667, "percent_statements_covered_display": "67"}, "missing_lines": [186], "excluded_lines": [], "start_line": 184}, "AtomicPhysicsKernel.__init__": {"executed_lines": [198, 199, 200, 201, 202, 203, 204], "summary": {"covered_lines": 7, "num_statements": 7, "percent_covered": 100.0, "percent_covered_display": "100", "missing_lines": 0, "excluded_lines": 0, "percent_statements_covered": 100.0, "percent_statements_covered_display": "100"}, "missing_lines": [], "excluded_lines": [], "start_line": 197}, "AtomicPhysicsKernel.root": {"executed_lines": [208], "summary": {"covered_lines": 1, "num_statements": 1, "percent_covered": 100.0, "percent_covered_display": "100", "missing_lines": 0, "excluded_lines": 0, "percent_statements_covered": 100.0, "percent_statements_covered_display": "100"}, "missing_lines": [], "excluded_lines": [], "start_line": 207}, "AtomicPhysicsKernel.declare_entity": {"executed_lines": [211, 213, 214], "summary": {"covered_lines": 3, "num_statements": 4, "percent_covered": 75.0, "percent_covered_display": "75", "missing_lines": 1, "excluded_lines": 0, "percent_statements_covered": 75.0, "percent_statements_covered_display": "75"}, "missing_lines": [212], "excluded_lines": [], "start_line": 210}, "AtomicPhysicsKernel.seed_bond": {"executed_lines": [217, 219], "summary": {"covered_lines": 2, "num_statements": 3, "percent_covered": 66.66666666666667, "percent_covered_display": "67", "missing_lines": 1, "excluded_lines": 0, "percent_statements_covered": 66.66666666666667, "percent_statements_covered_display": "67"}, "missing_lines": [218], "excluded_lines": [], "start_line": 216}, "AtomicPhysicsKernel.register_law": {"executed_lines": [222], "summary": {"covered_lines": 1, "num_statements": 1, "percent_covered": 100.0, "percent_covered_display": "100", "missing_lines": 0, "excluded_lines": 0, "percent_statements_covered": 100.0, "percent_statements_covered_display": "100"}, "missing_lines": [], "excluded_lines": [], "start_line": 221}, "AtomicPhysicsKernel.register_reaction": {"executed_lines": [225], "summary": {"covered_lines": 1, "num_statements": 1, "percent_covered": 100.0, "percent_covered_display": "100", "missing_lines": 0, "excluded_lines": 0, "percent_statements_covered": 100.0, "percent_statements_covered_display": "100"}, "missing_lines": [], "excluded_lines": [], "start_line": 224}, "AtomicPhysicsKernel._match": {"executed_lines": [229, 231], "summary": {"covered_lines": 2, "num_statements": 2, "percent_covered": 100.0, "percent_covered_display": "100", "missing_lines": 0, "excluded_lines": 0, "percent_statements_covered": 100.0, "percent_statements_covered_display": "100"}, "missing_lines": [], "excluded_lines": [], "start_line": 228}, "AtomicPhysicsKernel._match.resolve": {"executed_lines": [230], "summary": {"covered_lines": 1, "num_statements": 1, "percent_covered": 100.0, "percent_covered_display": "100", "missing_lines": 0, "excluded_lines": 0, "percent_statements_covered": 100.0, "percent_statements_covered_display": "100"}, "missing_lines": [], "excluded_lines": [], "start_line": 229}, "AtomicPhysicsKernel._copy_algebra": {"executed_lines": [234, 235, 236, 237, 238, 239], "summary": {"covered_lines": 6, "num_statements": 6, "percent_covered": 100.0, "percent_covered_display": "100", "missing_lines": 0, "excluded_lines": 0, "percent_statements_covered": 100.0, "percent_statements_covered_display": "100"}, "missing_lines": [], "excluded_lines": [], "start_line": 233}, "AtomicPhysicsKernel.simulate": {"executed_lines": [242, 243, 244, 245, 248, 249, 250, 251, 252, 253, 255, 256, 259, 260, 268, 269, 270, 271, 272, 273, 275, 277, 278, 279, 280, 281, 282, 283, 284, 286, 287, 288, 289, 290, 296, 297, 299, 300, 302, 308, 309, 310, 311, 312, 313, 314, 316, 321, 334], "summary": {"covered_lines": 49, "num_statements": 55, "percent_covered": 89.0909090909091, "percent_covered_display": "89", "missing_lines": 6, "excluded_lines": 0, "percent_statements_covered": 89.0909090909091, "percent_statements_covered_display": "89"}, "missing_lines": [246, 247, 254, 257, 285, 298], "excluded_lines": [], "start_line": 241}, "AtomicPhysicsKernel.commit": {"executed_lines": [337, 339, 340, 341, 342, 343, 344, 345, 346, 347, 348, 349, 350, 351, 352, 353, 354, 356], "summary": {"covered_lines": 18, "num_statements": 19, "percent_covered": 94.73684210526316, "percent_covered_display": "95", "missing_lines": 1, "excluded_lines": 0, "percent_statements_covered": 94.73684210526316, "percent_statements_covered_display": "95"}, "missing_lines": [338], "excluded_lines": [], "start_line": 336}, "AtomicPhysicsKernel.state_at": {"executed_lines": [], "summary": {"covered_lines": 0, "num_statements": 3, "percent_covered": 0.0, "percent_covered_display": "0", "missing_lines": 3, "excluded_lines": 0, "percent_statements_covered": 0.0, "percent_statements_covered_display": "0"}, "missing_lines": [359, 360, 361], "excluded_lines": [], "start_line": 358}, "AtomicPhysicsKernel.branch": {"executed_lines": [364, 365, 366, 367, 368, 369, 370], "summary": {"covered_lines": 7, "num_statements": 7, "percent_covered": 100.0, "percent_covered_display": "100", "missing_lines": 0, "excluded_lines": 0, "percent_statements_covered": 100.0, "percent_statements_covered_display": "100"}, "missing_lines": [], "excluded_lines": [], "start_line": 363}, "": {"executed_lines": [1, 3, 4, 6, 7, 10, 11, 12, 13, 14, 15, 16, 17, 19, 20, 23, 40, 41, 42, 43, 44, 46, 57, 58, 59, 60, 61, 63, 89, 90, 91, 92, 93, 94, 95, 96, 97, 98, 99, 101, 102, 105, 132, 133, 134, 135, 136, 137, 138, 139, 140, 141, 144, 145, 146, 147, 148, 149, 150, 151, 152, 153, 154, 155, 156, 158, 159, 162, 178, 179, 180, 181, 182, 184, 190, 191, 194, 197, 206, 207, 210, 216, 221, 224, 227, 228, 233, 241, 336, 358, 363], "summary": {"covered_lines": 91, "num_statements": 91, "percent_covered": 100.0, "percent_covered_display": "100", "missing_lines": 0, "excluded_lines": 0, "percent_statements_covered": 100.0, "percent_statements_covered_display": "100"}, "missing_lines": [], "excluded_lines": [], "start_line": 1}}, "classes": {"BondTemplate": {"executed_lines": [21, 24, 25, 26, 27], "summary": {"covered_lines": 5, "num_statements": 5, "percent_covered": 100.0, "percent_covered_display": "100", "missing_lines": 0, "excluded_lines": 0, "percent_statements_covered": 100.0, "percent_statements_covered_display": "100"}, "missing_lines": [], "excluded_lines": [], "start_line": 11}, "HyperBondTemplate": {"executed_lines": [47], "summary": {"covered_lines": 1, "num_statements": 1, "percent_covered": 100.0, "percent_covered_display": "100", "missing_lines": 0, "excluded_lines": 0, "percent_statements_covered": 100.0, "percent_statements_covered_display": "100"}, "missing_lines": [], "excluded_lines": [], "start_line": 41}, "ConstitutionalLaw": {"executed_lines": [64, 65, 66, 67, 68, 69, 70, 71, 72, 73, 74, 75, 76, 77, 78, 79, 80, 81, 82, 83, 84, 85], "summary": {"covered_lines": 22, "num_statements": 23, "percent_covered": 95.65217391304348, "percent_covered_display": "96", "missing_lines": 1, "excluded_lines": 0, "percent_statements_covered": 95.65217391304348, "percent_statements_covered_display": "96"}, "missing_lines": [86], "excluded_lines": [], "start_line": 58}, "ReactionDefinition": {"executed_lines": [103, 106, 107, 115], "summary": {"covered_lines": 4, "num_statements": 4, "percent_covered": 100.0, "percent_covered_display": "100", "missing_lines": 0, "excluded_lines": 0, "percent_statements_covered": 100.0, "percent_statements_covered_display": "100"}, "missing_lines": [], "excluded_lines": [], "start_line": 90}, "ReactionIntent": {"executed_lines": [], "summary": {"covered_lines": 0, "num_statements": 0, "percent_covered": 100.0, "percent_covered_display": "100", "missing_lines": 0, "excluded_lines": 0, "percent_statements_covered": 100.0, "percent_statements_covered_display": "100"}, "missing_lines": [], "excluded_lines": [], "start_line": 133}, "ReactionProof": {"executed_lines": [160, 163], "summary": {"covered_lines": 2, "num_statements": 2, "percent_covered": 100.0, "percent_covered_display": "100", "missing_lines": 0, "excluded_lines": 0, "percent_statements_covered": 100.0, "percent_statements_covered_display": "100"}, "missing_lines": [], "excluded_lines": [], "start_line": 145}, "Worldline": {"executed_lines": [185, 187], "summary": {"covered_lines": 2, "num_statements": 3, "percent_covered": 66.66666666666667, "percent_covered_display": "67", "missing_lines": 1, "excluded_lines": 0, "percent_statements_covered": 66.66666666666667, "percent_statements_covered_display": "67"}, "missing_lines": [186], "excluded_lines": [], "start_line": 179}, "PhysicsError": {"executed_lines": [], "summary": {"covered_lines": 0, "num_statements": 0, "percent_covered": 100.0, "percent_covered_display": "100", "missing_lines": 0, "excluded_lines": 0, "percent_statements_covered": 100.0, "percent_statements_covered_display": "100"}, "missing_lines": [], "excluded_lines": [], "start_line": 190}, "AtomicPhysicsKernel": {"executed_lines": [198, 199, 200, 201, 202, 203, 204, 208, 211, 213, 214, 217, 219, 222, 225, 229, 230, 231, 234, 235, 236, 237, 238, 239, 242, 243, 244, 245, 248, 249, 250, 251, 252, 253, 255, 256, 259, 260, 268, 269, 270, 271, 272, 273, 275, 277, 278, 279, 280, 281, 282, 283, 284, 286, 287, 288, 289, 290, 296, 297, 299, 300, 302, 308, 309, 310, 311, 312, 313, 314, 316, 321, 334, 337, 339, 340, 341, 342, 343, 344, 345, 346, 347, 348, 349, 350, 351, 352, 353, 354, 356, 364, 365, 366, 367, 368, 369, 370], "summary": {"covered_lines": 98, "num_statements": 110, "percent_covered": 89.0909090909091, "percent_covered_display": "89", "missing_lines": 12, "excluded_lines": 0, "percent_statements_covered": 89.0909090909091, "percent_statements_covered_display": "89"}, "missing_lines": [212, 218, 246, 247, 254, 257, 285, 298, 338, 359, 360, 361], "excluded_lines": [], "start_line": 194}, "": {"executed_lines": [1, 3, 4, 6, 7, 10, 11, 12, 13, 14, 15, 16, 17, 19, 20, 23, 40, 41, 42, 43, 44, 46, 57, 58, 59, 60, 61, 63, 89, 90, 91, 92, 93, 94, 95, 96, 97, 98, 99, 101, 102, 105, 132, 133, 134, 135, 136, 137, 138, 139, 140, 141, 144, 145, 146, 147, 148, 149, 150, 151, 152, 153, 154, 155, 156, 158, 159, 162, 178, 179, 180, 181, 182, 184, 190, 191, 194, 197, 206, 207, 210, 216, 221, 224, 227, 228, 233, 241, 336, 358, 363], "summary": {"covered_lines": 91, "num_statements": 91, "percent_covered": 100.0, "percent_covered_display": "100", "missing_lines": 0, "excluded_lines": 0, "percent_statements_covered": 100.0, "percent_statements_covered_display": "100"}, "missing_lines": [], "excluded_lines": [], "start_line": 1}}}, "adam_v44/standard_chemistry.py": {"executed_lines": [1, 3, 5, 8, 9, 10, 11, 12, 13, 14, 15, 16, 17, 20, 33, 34, 35, 36, 37, 45, 48], "summary": {"covered_lines": 21, "num_statements": 21, "percent_covered": 100.0, "percent_covered_display": "100", "missing_lines": 0, "excluded_lines": 0, "percent_statements_covered": 100.0, "percent_statements_covered_display": "100"}, "missing_lines": [], "excluded_lines": [], "functions": {"default_bond_periodic_table": {"executed_lines": [34, 35, 36, 37, 45], "summary": {"covered_lines": 5, "num_statements": 5, "percent_covered": 100.0, "percent_covered_display": "100", "missing_lines": 0, "excluded_lines": 0, "percent_statements_covered": 100.0, "percent_statements_covered_display": "100"}, "missing_lines": [], "excluded_lines": [], "start_line": 33}, "": {"executed_lines": [1, 3, 5, 8, 9, 10, 11, 12, 13, 14, 15, 16, 17, 20, 33, 48], "summary": {"covered_lines": 16, "num_statements": 16, "percent_covered": 100.0, "percent_covered_display": "100", "missing_lines": 0, "excluded_lines": 0, "percent_statements_covered": 100.0, "percent_statements_covered_display": "100"}, "missing_lines": [], "excluded_lines": [], "start_line": 1}}, "classes": {"BondPredicateSpec": {"executed_lines": [], "summary": {"covered_lines": 0, "num_statements": 0, "percent_covered": 100.0, "percent_covered_display": "100", "missing_lines": 0, "excluded_lines": 0, "percent_statements_covered": 100.0, "percent_statements_covered_display": "100"}, "missing_lines": [], "excluded_lines": [], "start_line": 9}, "": {"executed_lines": [1, 3, 5, 8, 9, 10, 11, 12, 13, 14, 15, 16, 17, 20, 33, 34, 35, 36, 37, 45, 48], "summary": {"covered_lines": 21, "num_statements": 21, "percent_covered": 100.0, "percent_covered_display": "100", "missing_lines": 0, "excluded_lines": 0, "percent_statements_covered": 100.0, "percent_statements_covered_display": "100"}, "missing_lines": [], "excluded_lines": [], "start_line": 1}}}, "adam_v45/__init__.py": {"executed_lines": [1, 3], "summary": {"covered_lines": 2, "num_statements": 2, "percent_covered": 100.0, "percent_covered_display": "100", "missing_lines": 0, "excluded_lines": 0, "percent_statements_covered": 100.0, "percent_statements_covered_display": "100"}, "missing_lines": [], "excluded_lines": [], "functions": {"": {"executed_lines": [1, 3], "summary": {"covered_lines": 2, "num_statements": 2, "percent_covered": 100.0, "percent_covered_display": "100", "missing_lines": 0, "excluded_lines": 0, "percent_statements_covered": 100.0, "percent_statements_covered_display": "100"}, "missing_lines": [], "excluded_lines": [], "start_line": 1}}, "classes": {"": {"executed_lines": [1, 3], "summary": {"covered_lines": 2, "num_statements": 2, "percent_covered": 100.0, "percent_covered_display": "100", "missing_lines": 0, "excluded_lines": 0, "percent_statements_covered": 100.0, "percent_statements_covered_display": "100"}, "missing_lines": [], "excluded_lines": [], "start_line": 1}}}, "adam_v45/cognition.py": {"executed_lines": [1, 3, 4, 5, 6, 8, 9, 12, 13, 14, 15, 16, 17, 18, 21, 22, 23, 24, 25, 26, 27, 28, 30, 31, 32, 42, 43, 44, 45, 47, 48, 54, 55, 58, 61, 62, 63, 64, 65, 66, 68, 69, 70, 71, 72, 73, 74, 75, 76, 77, 81, 87, 92, 93, 95, 96, 97, 98, 100, 101, 102, 111, 114, 115, 116, 117, 118, 120, 121, 122, 123, 124, 125, 126, 127, 128, 129, 130, 131, 132, 134, 135, 136, 137, 138, 139, 140, 141, 144, 145, 146, 147, 148, 149, 151, 152, 161, 162, 163, 164, 165, 166, 167, 168, 169, 171, 172, 173, 174, 177, 178, 179, 180, 181, 182, 183, 184, 185, 186, 188, 189, 193, 196, 197, 199, 200, 201, 202, 203, 204, 205, 206, 207, 209, 210, 213, 214, 217, 218, 219, 220, 221, 222, 225, 226, 227, 229, 230, 231, 232, 233, 234, 235, 236, 237, 238, 239, 240, 243, 244, 246, 247, 248, 251, 252, 253, 254, 255, 256, 257, 258, 259, 261, 262, 268, 275, 277, 278, 279, 280, 281, 282, 283, 284, 285, 286, 287, 289, 290, 291, 292, 293, 295, 296, 297, 298, 299, 300, 301, 302, 303, 304, 305, 306, 307, 308, 309, 310, 311, 312, 313, 314, 315, 316, 317, 318, 319, 320, 321, 322, 323, 324, 325, 326, 327, 328, 329, 330, 331, 332, 333, 334, 335, 340, 341, 343, 344, 345, 346, 347, 348, 349, 350, 351, 352, 353, 354, 355, 356, 357, 358, 359], "summary": {"covered_lines": 252, "num_statements": 260, "percent_covered": 96.92307692307692, "percent_covered_display": "97", "missing_lines": 8, "excluded_lines": 0, "percent_statements_covered": 96.92307692307692, "percent_statements_covered_display": "97"}, "missing_lines": [99, 153, 170, 190, 198, 208, 212, 228], "excluded_lines": [], "functions": {"TrainingRun.run_id": {"executed_lines": [32], "summary": {"covered_lines": 1, "num_statements": 1, "percent_covered": 100.0, "percent_covered_display": "100", "missing_lines": 0, "excluded_lines": 0, "percent_statements_covered": 100.0, "percent_statements_covered_display": "100"}, "missing_lines": [], "excluded_lines": [], "start_line": 31}, "ModelWorldline.promote": {"executed_lines": [48, 54, 55], "summary": {"covered_lines": 3, "num_statements": 3, "percent_covered": 100.0, "percent_covered_display": "100", "missing_lines": 0, "excluded_lines": 0, "percent_statements_covered": 100.0, "percent_statements_covered_display": "100"}, "missing_lines": [], "excluded_lines": [], "start_line": 47}, "MaskedBondOrgan.__init__": {"executed_lines": [62, 63, 64, 65, 66], "summary": {"covered_lines": 5, "num_statements": 5, "percent_covered": 100.0, "percent_covered_display": "100", "missing_lines": 0, "excluded_lines": 0, "percent_statements_covered": 100.0, "percent_statements_covered_display": "100"}, "missing_lines": [], "excluded_lines": [], "start_line": 61}, "MaskedBondOrgan.train": {"executed_lines": [69, 70, 71, 72, 73, 74, 75, 76, 77, 81, 87, 92, 93], "summary": {"covered_lines": 13, "num_statements": 13, "percent_covered": 100.0, "percent_covered_display": "100", "missing_lines": 0, "excluded_lines": 0, "percent_statements_covered": 100.0, "percent_statements_covered_display": "100"}, "missing_lines": [], "excluded_lines": [], "start_line": 68}, "MaskedBondOrgan.predict": {"executed_lines": [96, 97, 98, 100, 101, 102], "summary": {"covered_lines": 6, "num_statements": 7, "percent_covered": 85.71428571428571, "percent_covered_display": "86", "missing_lines": 1, "excluded_lines": 0, "percent_statements_covered": 85.71428571428571, "percent_statements_covered_display": "86"}, "missing_lines": [99], "excluded_lines": [], "start_line": 95}, "MaskedAtomOrgan.__init__": {"executed_lines": [115, 116, 117, 118], "summary": {"covered_lines": 4, "num_statements": 4, "percent_covered": 100.0, "percent_covered_display": "100", "missing_lines": 0, "excluded_lines": 0, "percent_statements_covered": 100.0, "percent_statements_covered_display": "100"}, "missing_lines": [], "excluded_lines": [], "start_line": 114}, "MaskedAtomOrgan.train": {"executed_lines": [121, 122, 123, 124, 125, 126, 127, 128, 129, 130, 131, 132], "summary": {"covered_lines": 12, "num_statements": 12, "percent_covered": 100.0, "percent_covered_display": "100", "missing_lines": 0, "excluded_lines": 0, "percent_statements_covered": 100.0, "percent_statements_covered_display": "100"}, "missing_lines": [], "excluded_lines": [], "start_line": 120}, "MaskedAtomOrgan.predict": {"executed_lines": [135, 136, 137, 138, 139, 140, 141], "summary": {"covered_lines": 7, "num_statements": 7, "percent_covered": 100.0, "percent_covered_display": "100", "missing_lines": 0, "excluded_lines": 0, "percent_statements_covered": 100.0, "percent_statements_covered_display": "100"}, "missing_lines": [], "excluded_lines": [], "start_line": 134}, "CompoundCandidate.candidate_id": {"executed_lines": [], "summary": {"covered_lines": 0, "num_statements": 1, "percent_covered": 0.0, "percent_covered_display": "0", "missing_lines": 1, "excluded_lines": 0, "percent_statements_covered": 0.0, "percent_statements_covered_display": "0"}, "missing_lines": [153], "excluded_lines": [], "start_line": 152}, "CompoundDiscoveryOrgan.discover": {"executed_lines": [163, 164, 165, 166, 167, 168, 169, 171, 172, 173, 174], "summary": {"covered_lines": 11, "num_statements": 12, "percent_covered": 91.66666666666667, "percent_covered_display": "92", "missing_lines": 1, "excluded_lines": 0, "percent_statements_covered": 91.66666666666667, "percent_statements_covered_display": "92"}, "missing_lines": [170], "excluded_lines": [], "start_line": 162}, "CausalClaim.claim_id": {"executed_lines": [], "summary": {"covered_lines": 0, "num_statements": 1, "percent_covered": 0.0, "percent_covered_display": "0", "missing_lines": 1, "excluded_lines": 0, "percent_statements_covered": 0.0, "percent_statements_covered_display": "0"}, "missing_lines": [190], "excluded_lines": [], "start_line": 189}, "CausalDiscoveryOrgan.discover": {"executed_lines": [197, 199, 200, 201, 202, 203, 204, 205, 206, 207, 209, 210, 213, 214], "summary": {"covered_lines": 14, "num_statements": 17, "percent_covered": 82.3529411764706, "percent_covered_display": "82", "missing_lines": 3, "excluded_lines": 0, "percent_statements_covered": 82.3529411764706, "percent_statements_covered_display": "82"}, "missing_lines": [198, 208, 212], "excluded_lines": [], "start_line": 196}, "ConfidenceCalibrator.evaluate": {"executed_lines": [227, 229, 230, 231, 232, 233, 234, 235, 236, 237, 238, 239, 240], "summary": {"covered_lines": 13, "num_statements": 14, "percent_covered": 92.85714285714286, "percent_covered_display": "93", "missing_lines": 1, "excluded_lines": 0, "percent_statements_covered": 92.85714285714286, "percent_statements_covered_display": "93"}, "missing_lines": [228], "excluded_lines": [], "start_line": 226}, "ProofGuidedScorer.score": {"executed_lines": [246, 247, 248], "summary": {"covered_lines": 3, "num_statements": 3, "percent_covered": 100.0, "percent_covered_display": "100", "missing_lines": 0, "excluded_lines": 0, "percent_statements_covered": 100.0, "percent_statements_covered_display": "100"}, "missing_lines": [], "excluded_lines": [], "start_line": 244}, "NeuralSymbolicCognitionFabric.__init__": {"executed_lines": [253, 254, 255, 256, 257, 258, 259], "summary": {"covered_lines": 7, "num_statements": 7, "percent_covered": 100.0, "percent_covered_display": "100", "missing_lines": 0, "excluded_lines": 0, "percent_statements_covered": 100.0, "percent_statements_covered_display": "100"}, "missing_lines": [], "excluded_lines": [], "start_line": 252}, "NeuralSymbolicCognitionFabric.train": {"executed_lines": [262], "summary": {"covered_lines": 1, "num_statements": 1, "percent_covered": 100.0, "percent_covered_display": "100", "missing_lines": 0, "excluded_lines": 0, "percent_statements_covered": 100.0, "percent_statements_covered_display": "100"}, "missing_lines": [], "excluded_lines": [], "start_line": 261}, "GraphEmbeddingOrgan.__init__": {"executed_lines": [277, 278, 279, 280, 281, 282, 283, 284, 285, 286, 287], "summary": {"covered_lines": 11, "num_statements": 11, "percent_covered": 100.0, "percent_covered_display": "100", "missing_lines": 0, "excluded_lines": 0, "percent_statements_covered": 100.0, "percent_statements_covered_display": "100"}, "missing_lines": [], "excluded_lines": [], "start_line": 275}, "GraphEmbeddingOrgan._normalise": {"executed_lines": [291, 292, 293], "summary": {"covered_lines": 3, "num_statements": 3, "percent_covered": 100.0, "percent_covered_display": "100", "missing_lines": 0, "excluded_lines": 0, "percent_statements_covered": 100.0, "percent_statements_covered_display": "100"}, "missing_lines": [], "excluded_lines": [], "start_line": 290}, "GraphEmbeddingOrgan.train": {"executed_lines": [296, 297, 298, 299, 300, 301, 302, 303, 304, 305, 306, 307, 308, 309, 310, 311, 312, 313, 314, 315, 316, 317, 318, 319, 320, 321, 322, 323, 324, 325, 326, 327, 328, 329, 330, 331, 332, 333, 334, 335, 340, 341], "summary": {"covered_lines": 42, "num_statements": 42, "percent_covered": 100.0, "percent_covered_display": "100", "missing_lines": 0, "excluded_lines": 0, "percent_statements_covered": 100.0, "percent_statements_covered_display": "100"}, "missing_lines": [], "excluded_lines": [], "start_line": 295}, "GraphEmbeddingOrgan.predict_tail": {"executed_lines": [344, 345, 346, 347, 348, 349, 350, 351, 352, 353, 354, 355, 356, 357, 358, 359], "summary": {"covered_lines": 16, "num_statements": 16, "percent_covered": 100.0, "percent_covered_display": "100", "missing_lines": 0, "excluded_lines": 0, "percent_statements_covered": 100.0, "percent_statements_covered_display": "100"}, "missing_lines": [], "excluded_lines": [], "start_line": 343}, "": {"executed_lines": [1, 3, 4, 5, 6, 8, 9, 12, 13, 14, 15, 16, 17, 18, 21, 22, 23, 24, 25, 26, 27, 28, 30, 31, 42, 43, 44, 45, 47, 58, 61, 68, 95, 111, 114, 120, 134, 144, 145, 146, 147, 148, 149, 151, 152, 161, 162, 177, 178, 179, 180, 181, 182, 183, 184, 185, 186, 188, 189, 193, 196, 217, 218, 219, 220, 221, 222, 225, 226, 243, 244, 251, 252, 261, 268, 275, 289, 290, 295, 343], "summary": {"covered_lines": 80, "num_statements": 80, "percent_covered": 100.0, "percent_covered_display": "100", "missing_lines": 0, "excluded_lines": 0, "percent_statements_covered": 100.0, "percent_statements_covered_display": "100"}, "missing_lines": [], "excluded_lines": [], "start_line": 1}}, "classes": {"Prediction": {"executed_lines": [], "summary": {"covered_lines": 0, "num_statements": 0, "percent_covered": 100.0, "percent_covered_display": "100", "missing_lines": 0, "excluded_lines": 0, "percent_statements_covered": 100.0, "percent_statements_covered_display": "100"}, "missing_lines": [], "excluded_lines": [], "start_line": 13}, "TrainingRun": {"executed_lines": [32], "summary": {"covered_lines": 1, "num_statements": 1, "percent_covered": 100.0, "percent_covered_display": "100", "missing_lines": 0, "excluded_lines": 0, "percent_statements_covered": 100.0, "percent_statements_covered_display": "100"}, "missing_lines": [], "excluded_lines": [], "start_line": 22}, "ModelWorldline": {"executed_lines": [48, 54, 55], "summary": {"covered_lines": 3, "num_statements": 3, "percent_covered": 100.0, "percent_covered_display": "100", "missing_lines": 0, "excluded_lines": 0, "percent_statements_covered": 100.0, "percent_statements_covered_display": "100"}, "missing_lines": [], "excluded_lines": [], "start_line": 43}, "MaskedBondOrgan": {"executed_lines": [62, 63, 64, 65, 66, 69, 70, 71, 72, 73, 74, 75, 76, 77, 81, 87, 92, 93, 96, 97, 98, 100, 101, 102], "summary": {"covered_lines": 24, "num_statements": 25, "percent_covered": 96.0, "percent_covered_display": "96", "missing_lines": 1, "excluded_lines": 0, "percent_statements_covered": 96.0, "percent_statements_covered_display": "96"}, "missing_lines": [99], "excluded_lines": [], "start_line": 58}, "MaskedAtomOrgan": {"executed_lines": [115, 116, 117, 118, 121, 122, 123, 124, 125, 126, 127, 128, 129, 130, 131, 132, 135, 136, 137, 138, 139, 140, 141], "summary": {"covered_lines": 23, "num_statements": 23, "percent_covered": 100.0, "percent_covered_display": "100", "missing_lines": 0, "excluded_lines": 0, "percent_statements_covered": 100.0, "percent_statements_covered_display": "100"}, "missing_lines": [], "excluded_lines": [], "start_line": 111}, "CompoundCandidate": {"executed_lines": [], "summary": {"covered_lines": 0, "num_statements": 1, "percent_covered": 0.0, "percent_covered_display": "0", "missing_lines": 1, "excluded_lines": 0, "percent_statements_covered": 0.0, "percent_statements_covered_display": "0"}, "missing_lines": [153], "excluded_lines": [], "start_line": 145}, "CompoundDiscoveryOrgan": {"executed_lines": [163, 164, 165, 166, 167, 168, 169, 171, 172, 173, 174], "summary": {"covered_lines": 11, "num_statements": 12, "percent_covered": 91.66666666666667, "percent_covered_display": "92", "missing_lines": 1, "excluded_lines": 0, "percent_statements_covered": 91.66666666666667, "percent_statements_covered_display": "92"}, "missing_lines": [170], "excluded_lines": [], "start_line": 161}, "CausalClaim": {"executed_lines": [], "summary": {"covered_lines": 0, "num_statements": 1, "percent_covered": 0.0, "percent_covered_display": "0", "missing_lines": 1, "excluded_lines": 0, "percent_statements_covered": 0.0, "percent_statements_covered_display": "0"}, "missing_lines": [190], "excluded_lines": [], "start_line": 178}, "CausalDiscoveryOrgan": {"executed_lines": [197, 199, 200, 201, 202, 203, 204, 205, 206, 207, 209, 210, 213, 214], "summary": {"covered_lines": 14, "num_statements": 17, "percent_covered": 82.3529411764706, "percent_covered_display": "82", "missing_lines": 3, "excluded_lines": 0, "percent_statements_covered": 82.3529411764706, "percent_statements_covered_display": "82"}, "missing_lines": [198, 208, 212], "excluded_lines": [], "start_line": 193}, "CalibrationReport": {"executed_lines": [], "summary": {"covered_lines": 0, "num_statements": 0, "percent_covered": 100.0, "percent_covered_display": "100", "missing_lines": 0, "excluded_lines": 0, "percent_statements_covered": 100.0, "percent_statements_covered_display": "100"}, "missing_lines": [], "excluded_lines": [], "start_line": 218}, "ConfidenceCalibrator": {"executed_lines": [227, 229, 230, 231, 232, 233, 234, 235, 236, 237, 238, 239, 240], "summary": {"covered_lines": 13, "num_statements": 14, "percent_covered": 92.85714285714286, "percent_covered_display": "93", "missing_lines": 1, "excluded_lines": 0, "percent_statements_covered": 92.85714285714286, "percent_statements_covered_display": "93"}, "missing_lines": [228], "excluded_lines": [], "start_line": 225}, "ProofGuidedScorer": {"executed_lines": [246, 247, 248], "summary": {"covered_lines": 3, "num_statements": 3, "percent_covered": 100.0, "percent_covered_display": "100", "missing_lines": 0, "excluded_lines": 0, "percent_statements_covered": 100.0, "percent_statements_covered_display": "100"}, "missing_lines": [], "excluded_lines": [], "start_line": 243}, "NeuralSymbolicCognitionFabric": {"executed_lines": [253, 254, 255, 256, 257, 258, 259, 262], "summary": {"covered_lines": 8, "num_statements": 8, "percent_covered": 100.0, "percent_covered_display": "100", "missing_lines": 0, "excluded_lines": 0, "percent_statements_covered": 100.0, "percent_statements_covered_display": "100"}, "missing_lines": [], "excluded_lines": [], "start_line": 251}, "GraphEmbeddingOrgan": {"executed_lines": [277, 278, 279, 280, 281, 282, 283, 284, 285, 286, 287, 291, 292, 293, 296, 297, 298, 299, 300, 301, 302, 303, 304, 305, 306, 307, 308, 309, 310, 311, 312, 313, 314, 315, 316, 317, 318, 319, 320, 321, 322, 323, 324, 325, 326, 327, 328, 329, 330, 331, 332, 333, 334, 335, 340, 341, 344, 345, 346, 347, 348, 349, 350, 351, 352, 353, 354, 355, 356, 357, 358, 359], "summary": {"covered_lines": 72, "num_statements": 72, "percent_covered": 100.0, "percent_covered_display": "100", "missing_lines": 0, "excluded_lines": 0, "percent_statements_covered": 100.0, "percent_statements_covered_display": "100"}, "missing_lines": [], "excluded_lines": [], "start_line": 268}, "": {"executed_lines": [1, 3, 4, 5, 6, 8, 9, 12, 13, 14, 15, 16, 17, 18, 21, 22, 23, 24, 25, 26, 27, 28, 30, 31, 42, 43, 44, 45, 47, 58, 61, 68, 95, 111, 114, 120, 134, 144, 145, 146, 147, 148, 149, 151, 152, 161, 162, 177, 178, 179, 180, 181, 182, 183, 184, 185, 186, 188, 189, 193, 196, 217, 218, 219, 220, 221, 222, 225, 226, 243, 244, 251, 252, 261, 268, 275, 289, 290, 295, 343], "summary": {"covered_lines": 80, "num_statements": 80, "percent_covered": 100.0, "percent_covered_display": "100", "missing_lines": 0, "excluded_lines": 0, "percent_statements_covered": 100.0, "percent_statements_covered_display": "100"}, "missing_lines": [], "excluded_lines": [], "start_line": 1}}}, "adam_v45/universe_embodiment.py": {"executed_lines": [1, 3, 4, 6, 7, 10, 11, 12, 13, 14, 15, 16, 17, 18, 19, 21, 22, 23, 34, 35, 36, 43, 44, 45, 46, 47, 48, 51, 54, 55, 56, 57, 58, 66, 67, 68, 78, 84, 85, 86, 87, 100, 103, 104, 105, 106, 107, 108, 109, 110, 111, 113, 114, 115, 125, 126, 127, 128], "summary": {"covered_lines": 58, "num_statements": 58, "percent_covered": 100.0, "percent_covered_display": "100", "missing_lines": 0, "excluded_lines": 0, "percent_statements_covered": 100.0, "percent_statements_covered_display": "100"}, "missing_lines": [], "excluded_lines": [], "functions": {"ModelArtifact.model_id": {"executed_lines": [23], "summary": {"covered_lines": 1, "num_statements": 1, "percent_covered": 100.0, "percent_covered_display": "100", "missing_lines": 0, "excluded_lines": 0, "percent_statements_covered": 100.0, "percent_statements_covered_display": "100"}, "missing_lines": [], "excluded_lines": [], "start_line": 22}, "ModelArtifact.parameter_id": {"executed_lines": [36], "summary": {"covered_lines": 1, "num_statements": 1, "percent_covered": 100.0, "percent_covered_display": "100", "missing_lines": 0, "excluded_lines": 0, "percent_statements_covered": 100.0, "percent_statements_covered_display": "100"}, "missing_lines": [], "excluded_lines": [], "start_line": 35}, "CognitionUniverseBinder.propose": {"executed_lines": [55, 56, 57, 58, 66, 67, 78, 84, 85, 86, 87, 100], "summary": {"covered_lines": 12, "num_statements": 12, "percent_covered": 100.0, "percent_covered_display": "100", "missing_lines": 0, "excluded_lines": 0, "percent_statements_covered": 100.0, "percent_statements_covered_display": "100"}, "missing_lines": [], "excluded_lines": [], "start_line": 54}, "CognitionUniverseBinder.propose.bond": {"executed_lines": [68], "summary": {"covered_lines": 1, "num_statements": 1, "percent_covered": 100.0, "percent_covered_display": "100", "missing_lines": 0, "excluded_lines": 0, "percent_statements_covered": 100.0, "percent_statements_covered_display": "100"}, "missing_lines": [], "excluded_lines": [], "start_line": 67}, "ConceptAtom.concept_id": {"executed_lines": [115], "summary": {"covered_lines": 1, "num_statements": 1, "percent_covered": 100.0, "percent_covered_display": "100", "missing_lines": 0, "excluded_lines": 0, "percent_statements_covered": 100.0, "percent_statements_covered_display": "100"}, "missing_lines": [], "excluded_lines": [], "start_line": 114}, "ConceptAtom.explanatory_hyperbond": {"executed_lines": [126, 127, 128], "summary": {"covered_lines": 3, "num_statements": 3, "percent_covered": 100.0, "percent_covered_display": "100", "missing_lines": 0, "excluded_lines": 0, "percent_statements_covered": 100.0, "percent_statements_covered_display": "100"}, "missing_lines": [], "excluded_lines": [], "start_line": 125}, "": {"executed_lines": [1, 3, 4, 6, 7, 10, 11, 12, 13, 14, 15, 16, 17, 18, 19, 21, 22, 34, 35, 43, 44, 45, 46, 47, 48, 51, 54, 103, 104, 105, 106, 107, 108, 109, 110, 111, 113, 114, 125], "summary": {"covered_lines": 39, "num_statements": 39, "percent_covered": 100.0, "percent_covered_display": "100", "missing_lines": 0, "excluded_lines": 0, "percent_statements_covered": 100.0, "percent_statements_covered_display": "100"}, "missing_lines": [], "excluded_lines": [], "start_line": 1}}, "classes": {"ModelArtifact": {"executed_lines": [23, 36], "summary": {"covered_lines": 2, "num_statements": 2, "percent_covered": 100.0, "percent_covered_display": "100", "missing_lines": 0, "excluded_lines": 0, "percent_statements_covered": 100.0, "percent_statements_covered_display": "100"}, "missing_lines": [], "excluded_lines": [], "start_line": 11}, "CognitionEmbeddingProposal": {"executed_lines": [], "summary": {"covered_lines": 0, "num_statements": 0, "percent_covered": 100.0, "percent_covered_display": "100", "missing_lines": 0, "excluded_lines": 0, "percent_statements_covered": 100.0, "percent_statements_covered_display": "100"}, "missing_lines": [], "excluded_lines": [], "start_line": 44}, "CognitionUniverseBinder": {"executed_lines": [55, 56, 57, 58, 66, 67, 68, 78, 84, 85, 86, 87, 100], "summary": {"covered_lines": 13, "num_statements": 13, "percent_covered": 100.0, "percent_covered_display": "100", "missing_lines": 0, "excluded_lines": 0, "percent_statements_covered": 100.0, "percent_statements_covered_display": "100"}, "missing_lines": [], "excluded_lines": [], "start_line": 51}, "ConceptAtom": {"executed_lines": [115, 126, 127, 128], "summary": {"covered_lines": 4, "num_statements": 4, "percent_covered": 100.0, "percent_covered_display": "100", "missing_lines": 0, "excluded_lines": 0, "percent_statements_covered": 100.0, "percent_statements_covered_display": "100"}, "missing_lines": [], "excluded_lines": [], "start_line": 104}, "": {"executed_lines": [1, 3, 4, 6, 7, 10, 11, 12, 13, 14, 15, 16, 17, 18, 19, 21, 22, 34, 35, 43, 44, 45, 46, 47, 48, 51, 54, 103, 104, 105, 106, 107, 108, 109, 110, 111, 113, 114, 125], "summary": {"covered_lines": 39, "num_statements": 39, "percent_covered": 100.0, "percent_covered_display": "100", "missing_lines": 0, "excluded_lines": 0, "percent_statements_covered": 100.0, "percent_statements_covered_display": "100"}, "missing_lines": [], "excluded_lines": [], "start_line": 1}}}, "adam_v46/__init__.py": {"executed_lines": [1], "summary": {"covered_lines": 1, "num_statements": 1, "percent_covered": 100.0, "percent_covered_display": "100", "missing_lines": 0, "excluded_lines": 0, "percent_statements_covered": 100.0, "percent_statements_covered_display": "100"}, "missing_lines": [], "excluded_lines": [], "functions": {"": {"executed_lines": [1], "summary": {"covered_lines": 1, "num_statements": 1, "percent_covered": 100.0, "percent_covered_display": "100", "missing_lines": 0, "excluded_lines": 0, "percent_statements_covered": 100.0, "percent_statements_covered_display": "100"}, "missing_lines": [], "excluded_lines": [], "start_line": 1}}, "classes": {"": {"executed_lines": [1], "summary": {"covered_lines": 1, "num_statements": 1, "percent_covered": 100.0, "percent_covered_display": "100", "missing_lines": 0, "excluded_lines": 0, "percent_statements_covered": 100.0, "percent_statements_covered_display": "100"}, "missing_lines": [], "excluded_lines": [], "start_line": 1}}}, "adam_v46/nervous_system.py": {"executed_lines": [1, 3, 4, 5, 7, 8, 11, 12, 13, 14, 15, 16, 19, 20, 21, 22, 23, 24, 25, 26, 27, 28, 29, 30, 32, 33, 34, 48, 49, 50, 51, 52, 53, 54, 55, 56, 58, 59, 60, 71, 72, 73, 74, 77, 78, 79, 80, 82, 83, 84, 85, 86, 91, 92, 93, 94, 96, 109, 110, 112, 115, 119, 120, 122, 123, 124, 126, 128, 132, 133, 135, 139, 143, 146, 147, 148, 149, 153, 154, 155, 156, 158, 161, 162, 164, 165, 166, 168, 170, 171, 173, 174, 175, 176, 177, 178, 179, 185, 187, 188, 189, 190, 193, 194, 195, 197, 199, 200, 201, 203, 204, 205, 215, 219, 220], "summary": {"covered_lines": 115, "num_statements": 147, "percent_covered": 78.2312925170068, "percent_covered_display": "78", "missing_lines": 32, "excluded_lines": 0, "percent_statements_covered": 78.2312925170068, "percent_statements_covered_display": "78"}, "missing_lines": [97, 98, 99, 100, 101, 102, 103, 104, 105, 106, 113, 116, 125, 129, 136, 137, 140, 159, 163, 172, 191, 196, 202, 206, 207, 208, 209, 210, 211, 212, 213, 217], "excluded_lines": [], "functions": {"ApplicationManifest.manifest_id": {"executed_lines": [34], "summary": {"covered_lines": 1, "num_statements": 1, "percent_covered": 100.0, "percent_covered_display": "100", "missing_lines": 0, "excluded_lines": 0, "percent_statements_covered": 100.0, "percent_statements_covered_display": "100"}, "missing_lines": [], "excluded_lines": [], "start_line": 33}, "BridgeEvent.event_id": {"executed_lines": [60], "summary": {"covered_lines": 1, "num_statements": 1, "percent_covered": 100.0, "percent_covered_display": "100", "missing_lines": 0, "excluded_lines": 0, "percent_statements_covered": 100.0, "percent_statements_covered_display": "100"}, "missing_lines": [], "excluded_lines": [], "start_line": 59}, "IdentityFederation.__init__": {"executed_lines": [79, 80], "summary": {"covered_lines": 2, "num_statements": 2, "percent_covered": 100.0, "percent_covered_display": "100", "missing_lines": 0, "excluded_lines": 0, "percent_statements_covered": 100.0, "percent_statements_covered_display": "100"}, "missing_lines": [], "excluded_lines": [], "start_line": 78}, "IdentityFederation.resolve": {"executed_lines": [83, 84, 85, 86, 91, 92, 93, 94], "summary": {"covered_lines": 8, "num_statements": 8, "percent_covered": 100.0, "percent_covered_display": "100", "missing_lines": 0, "excluded_lines": 0, "percent_statements_covered": 100.0, "percent_statements_covered_display": "100"}, "missing_lines": [], "excluded_lines": [], "start_line": 82}, "IdentityFederation.merge": {"executed_lines": [], "summary": {"covered_lines": 0, "num_statements": 10, "percent_covered": 0.0, "percent_covered_display": "0", "missing_lines": 10, "excluded_lines": 0, "percent_statements_covered": 0.0, "percent_statements_covered_display": "0"}, "missing_lines": [97, 98, 99, 100, 101, 102, 103, 104, 105, 106], "excluded_lines": [], "start_line": 96}, "ApplicationAdapter.decode": {"executed_lines": [], "summary": {"covered_lines": 0, "num_statements": 1, "percent_covered": 0.0, "percent_covered_display": "0", "missing_lines": 1, "excluded_lines": 0, "percent_statements_covered": 0.0, "percent_statements_covered_display": "0"}, "missing_lines": [113], "excluded_lines": [], "start_line": 112}, "ApplicationAdapter.encode": {"executed_lines": [], "summary": {"covered_lines": 0, "num_statements": 1, "percent_covered": 0.0, "percent_covered_display": "0", "missing_lines": 1, "excluded_lines": 0, "percent_statements_covered": 0.0, "percent_statements_covered_display": "0"}, "missing_lines": [116], "excluded_lines": [], "start_line": 115}, "JsonAdapter.decode": {"executed_lines": [123, 124, 126], "summary": {"covered_lines": 3, "num_statements": 4, "percent_covered": 75.0, "percent_covered_display": "75", "missing_lines": 1, "excluded_lines": 0, "percent_statements_covered": 75.0, "percent_statements_covered_display": "75"}, "missing_lines": [125], "excluded_lines": [], "start_line": 122}, "JsonAdapter.encode": {"executed_lines": [], "summary": {"covered_lines": 0, "num_statements": 1, "percent_covered": 0.0, "percent_covered_display": "0", "missing_lines": 1, "excluded_lines": 0, "percent_statements_covered": 0.0, "percent_statements_covered_display": "0"}, "missing_lines": [129], "excluded_lines": [], "start_line": 128}, "DocumentAdapter.decode": {"executed_lines": [], "summary": {"covered_lines": 0, "num_statements": 2, "percent_covered": 0.0, "percent_covered_display": "0", "missing_lines": 2, "excluded_lines": 0, "percent_statements_covered": 0.0, "percent_statements_covered_display": "0"}, "missing_lines": [136, 137], "excluded_lines": [], "start_line": 135}, "DocumentAdapter.encode": {"executed_lines": [], "summary": {"covered_lines": 0, "num_statements": 1, "percent_covered": 0.0, "percent_covered_display": "0", "missing_lines": 1, "excluded_lines": 0, "percent_statements_covered": 0.0, "percent_statements_covered_display": "0"}, "missing_lines": [140], "excluded_lines": [], "start_line": 139}, "UniversalApplicationNervousSystem.__init__": {"executed_lines": [147, 148, 149, 153, 154, 155, 156], "summary": {"covered_lines": 7, "num_statements": 7, "percent_covered": 100.0, "percent_covered_display": "100", "missing_lines": 0, "excluded_lines": 0, "percent_statements_covered": 100.0, "percent_statements_covered_display": "100"}, "missing_lines": [], "excluded_lines": [], "start_line": 146}, "UniversalApplicationNervousSystem.register_adapter": {"executed_lines": [], "summary": {"covered_lines": 0, "num_statements": 1, "percent_covered": 0.0, "percent_covered_display": "0", "missing_lines": 1, "excluded_lines": 0, "percent_statements_covered": 0.0, "percent_statements_covered_display": "0"}, "missing_lines": [159], "excluded_lines": [], "start_line": 158}, "UniversalApplicationNervousSystem.register": {"executed_lines": [162, 164, 165, 166], "summary": {"covered_lines": 4, "num_statements": 5, "percent_covered": 80.0, "percent_covered_display": "80", "missing_lines": 1, "excluded_lines": 0, "percent_statements_covered": 80.0, "percent_statements_covered_display": "80"}, "missing_lines": [163], "excluded_lines": [], "start_line": 161}, "UniversalApplicationNervousSystem.ingest": {"executed_lines": [170, 171, 173, 174, 175, 176, 177, 178, 179, 185], "summary": {"covered_lines": 10, "num_statements": 11, "percent_covered": 90.9090909090909, "percent_covered_display": "91", "missing_lines": 1, "excluded_lines": 0, "percent_statements_covered": 90.9090909090909, "percent_statements_covered_display": "91"}, "missing_lines": [172], "excluded_lines": [], "start_line": 168}, "UniversalApplicationNervousSystem.propose_reaction": {"executed_lines": [188, 189, 190], "summary": {"covered_lines": 3, "num_statements": 4, "percent_covered": 75.0, "percent_covered_display": "75", "missing_lines": 1, "excluded_lines": 0, "percent_statements_covered": 75.0, "percent_statements_covered_display": "75"}, "missing_lines": [191], "excluded_lines": [], "start_line": 187}, "UniversalApplicationNervousSystem.commit_reaction": {"executed_lines": [194, 195, 197], "summary": {"covered_lines": 3, "num_statements": 4, "percent_covered": 75.0, "percent_covered_display": "75", "missing_lines": 1, "excluded_lines": 0, "percent_statements_covered": 75.0, "percent_statements_covered_display": "75"}, "missing_lines": [196], "excluded_lines": [], "start_line": 193}, "UniversalApplicationNervousSystem.construct": {"executed_lines": [200, 201, 203, 204, 205], "summary": {"covered_lines": 5, "num_statements": 14, "percent_covered": 35.714285714285715, "percent_covered_display": "36", "missing_lines": 9, "excluded_lines": 0, "percent_statements_covered": 35.714285714285715, "percent_statements_covered_display": "36"}, "missing_lines": [202, 206, 207, 208, 209, 210, 211, 212, 213], "excluded_lines": [], "start_line": 199}, "UniversalApplicationNervousSystem.release": {"executed_lines": [], "summary": {"covered_lines": 0, "num_statements": 1, "percent_covered": 0.0, "percent_covered_display": "0", "missing_lines": 1, "excluded_lines": 0, "percent_statements_covered": 0.0, "percent_statements_covered_display": "0"}, "missing_lines": [217], "excluded_lines": [], "start_line": 215}, "UniversalApplicationNervousSystem.health": {"executed_lines": [220], "summary": {"covered_lines": 1, "num_statements": 1, "percent_covered": 100.0, "percent_covered_display": "100", "missing_lines": 0, "excluded_lines": 0, "percent_statements_covered": 100.0, "percent_statements_covered_display": "100"}, "missing_lines": [], "excluded_lines": [], "start_line": 219}, "": {"executed_lines": [1, 3, 4, 5, 7, 8, 11, 12, 13, 14, 15, 16, 19, 20, 21, 22, 23, 24, 25, 26, 27, 28, 29, 30, 32, 33, 48, 49, 50, 51, 52, 53, 54, 55, 56, 58, 59, 71, 72, 73, 74, 77, 78, 82, 96, 109, 110, 112, 115, 119, 120, 122, 128, 132, 133, 135, 139, 143, 146, 158, 161, 168, 187, 193, 199, 215, 219], "summary": {"covered_lines": 67, "num_statements": 67, "percent_covered": 100.0, "percent_covered_display": "100", "missing_lines": 0, "excluded_lines": 0, "percent_statements_covered": 100.0, "percent_statements_covered_display": "100"}, "missing_lines": [], "excluded_lines": [], "start_line": 1}}, "classes": {"FieldMapping": {"executed_lines": [], "summary": {"covered_lines": 0, "num_statements": 0, "percent_covered": 100.0, "percent_covered_display": "100", "missing_lines": 0, "excluded_lines": 0, "percent_statements_covered": 100.0, "percent_statements_covered_display": "100"}, "missing_lines": [], "excluded_lines": [], "start_line": 12}, "ApplicationManifest": {"executed_lines": [34], "summary": {"covered_lines": 1, "num_statements": 1, "percent_covered": 100.0, "percent_covered_display": "100", "missing_lines": 0, "excluded_lines": 0, "percent_statements_covered": 100.0, "percent_statements_covered_display": "100"}, "missing_lines": [], "excluded_lines": [], "start_line": 20}, "BridgeEvent": {"executed_lines": [60], "summary": {"covered_lines": 1, "num_statements": 1, "percent_covered": 100.0, "percent_covered_display": "100", "missing_lines": 0, "excluded_lines": 0, "percent_statements_covered": 100.0, "percent_statements_covered_display": "100"}, "missing_lines": [], "excluded_lines": [], "start_line": 49}, "FederatedIdentity": {"executed_lines": [], "summary": {"covered_lines": 0, "num_statements": 0, "percent_covered": 100.0, "percent_covered_display": "100", "missing_lines": 0, "excluded_lines": 0, "percent_statements_covered": 100.0, "percent_statements_covered_display": "100"}, "missing_lines": [], "excluded_lines": [], "start_line": 72}, "IdentityFederation": {"executed_lines": [79, 80, 83, 84, 85, 86, 91, 92, 93, 94], "summary": {"covered_lines": 10, "num_statements": 20, "percent_covered": 50.0, "percent_covered_display": "50", "missing_lines": 10, "excluded_lines": 0, "percent_statements_covered": 50.0, "percent_statements_covered_display": "50"}, "missing_lines": [97, 98, 99, 100, 101, 102, 103, 104, 105, 106], "excluded_lines": [], "start_line": 77}, "ApplicationAdapter": {"executed_lines": [], "summary": {"covered_lines": 0, "num_statements": 2, "percent_covered": 0.0, "percent_covered_display": "0", "missing_lines": 2, "excluded_lines": 0, "percent_statements_covered": 0.0, "percent_statements_covered_display": "0"}, "missing_lines": [113, 116], "excluded_lines": [], "start_line": 109}, "JsonAdapter": {"executed_lines": [123, 124, 126], "summary": {"covered_lines": 3, "num_statements": 5, "percent_covered": 60.0, "percent_covered_display": "60", "missing_lines": 2, "excluded_lines": 0, "percent_statements_covered": 60.0, "percent_statements_covered_display": "60"}, "missing_lines": [125, 129], "excluded_lines": [], "start_line": 119}, "DocumentAdapter": {"executed_lines": [], "summary": {"covered_lines": 0, "num_statements": 3, "percent_covered": 0.0, "percent_covered_display": "0", "missing_lines": 3, "excluded_lines": 0, "percent_statements_covered": 0.0, "percent_statements_covered_display": "0"}, "missing_lines": [136, 137, 140], "excluded_lines": [], "start_line": 132}, "UniversalApplicationNervousSystem": {"executed_lines": [147, 148, 149, 153, 154, 155, 156, 162, 164, 165, 166, 170, 171, 173, 174, 175, 176, 177, 178, 179, 185, 188, 189, 190, 194, 195, 197, 200, 201, 203, 204, 205, 220], "summary": {"covered_lines": 33, "num_statements": 48, "percent_covered": 68.75, "percent_covered_display": "69", "missing_lines": 15, "excluded_lines": 0, "percent_statements_covered": 68.75, "percent_statements_covered_display": "69"}, "missing_lines": [159, 163, 172, 191, 196, 202, 206, 207, 208, 209, 210, 211, 212, 213, 217], "excluded_lines": [], "start_line": 143}, "": {"executed_lines": [1, 3, 4, 5, 7, 8, 11, 12, 13, 14, 15, 16, 19, 20, 21, 22, 23, 24, 25, 26, 27, 28, 29, 30, 32, 33, 48, 49, 50, 51, 52, 53, 54, 55, 56, 58, 59, 71, 72, 73, 74, 77, 78, 82, 96, 109, 110, 112, 115, 119, 120, 122, 128, 132, 133, 135, 139, 143, 146, 158, 161, 168, 187, 193, 199, 215, 219], "summary": {"covered_lines": 67, "num_statements": 67, "percent_covered": 100.0, "percent_covered_display": "100", "missing_lines": 0, "excluded_lines": 0, "percent_statements_covered": 100.0, "percent_statements_covered_display": "100"}, "missing_lines": [], "excluded_lines": [], "start_line": 1}}}, "adam_v47/__init__.py": {"executed_lines": [1], "summary": {"covered_lines": 1, "num_statements": 1, "percent_covered": 100.0, "percent_covered_display": "100", "missing_lines": 0, "excluded_lines": 0, "percent_statements_covered": 100.0, "percent_statements_covered_display": "100"}, "missing_lines": [], "excluded_lines": [], "functions": {"": {"executed_lines": [1], "summary": {"covered_lines": 1, "num_statements": 1, "percent_covered": 100.0, "percent_covered_display": "100", "missing_lines": 0, "excluded_lines": 0, "percent_statements_covered": 100.0, "percent_statemen
[...]
eignArtificialUniverse.certify_current_root": {"executed_lines": [50], "summary": {"covered_lines": 1, "num_statements": 1, "percent_covered": 100.0, "percent_covered_display": "100", "missing_lines": 0, "excluded_lines": 0, "percent_statements_covered": 100.0, "percent_statements_covered_display": "100"}, "missing_lines": [], "excluded_lines": [], "start_line": 49}, "SovereignArtificialUniverse.health": {"executed_lines": [53], "summary": {"covered_lines": 1, "num_statements": 1, "percent_covered": 100.0, "percent_covered_display": "100", "missing_lines": 0, "excluded_lines": 0, "percent_statements_covered": 100.0, "percent_statements_covered_display": "100"}, "missing_lines": [], "excluded_lines": [], "start_line": 52}, "": {"executed_lines": [1, 3, 4, 6, 7, 8, 9, 10, 11, 12, 15, 16, 17, 18, 19, 20, 21, 22, 23, 24, 25, 26, 27, 28, 30, 31, 49, 52], "summary": {"covered_lines": 28, "num_statements": 28, "percent_covered": 100.0, "percent_covered_display": "100", "missing_lines": 0, "excluded_lines": 0, "percent_statements_covered": 100.0, "percent_statements_covered_display": "100"}, "missing_lines": [], "excluded_lines": [], "start_line": 1}}, "classes": {"SovereignArtificialUniverse": {"executed_lines": [32, 33, 34, 50, 53], "summary": {"covered_lines": 5, "num_statements": 5, "percent_covered": 100.0, "percent_covered_display": "100", "missing_lines": 0, "excluded_lines": 0, "percent_statements_covered": 100.0, "percent_statements_covered_display": "100"}, "missing_lines": [], "excluded_lines": [], "start_line": 16}, "": {"executed_lines": [1, 3, 4, 6, 7, 8, 9, 10, 11, 12, 15, 16, 17, 18, 19, 20, 21, 22, 23, 24, 25, 26, 27, 28, 30, 31, 49, 52], "summary": {"covered_lines": 28, "num_statements": 28, "percent_covered": 100.0, "percent_covered_display": "100", "missing_lines": 0, "excluded_lines": 0, "percent_statements_covered": 100.0, "percent_statements_covered_display": "100"}, "missing_lines": [], "excluded_lines": [], "start_line": 1}}}, "adam_v50/sovereignty.py": {"executed_lines": [1, 3, 4, 5, 7, 8, 9, 11, 14, 15, 16, 17, 18, 19, 20, 21, 23, 24, 25, 28, 29, 30, 31, 32, 33, 34, 35, 36, 37, 39, 40, 50, 51, 55, 56, 57, 58, 59, 61, 62, 71, 72, 74, 75, 77, 78, 81, 83, 85, 87, 89, 92, 93, 94, 95, 96, 97, 98, 99, 100, 101, 104, 107, 108, 109, 110, 112, 113, 114, 115, 116, 117, 119, 120, 122, 123, 125, 128, 129, 130, 132, 133, 134, 135, 136, 139, 140, 141, 142, 143, 144, 146, 147, 148, 149, 150, 152, 154, 155, 157, 159, 160, 161, 162, 163, 164, 167, 168, 169, 170, 171, 172, 174, 175, 176, 177, 179, 180, 181, 182, 183, 184, 186, 188, 189, 190, 192, 195, 196, 197, 198, 199, 200, 201, 204, 207, 208, 210, 211, 213, 214, 215, 216, 217, 218, 220, 222, 223, 224, 226, 228, 229, 230, 231, 241, 242, 243, 244, 247, 248, 249, 250, 251, 252, 253, 255, 256, 257, 266, 267, 268, 269, 270, 271, 273, 274, 275, 276, 277, 278, 279, 281, 282, 283, 284, 286, 287, 288, 289, 290, 291, 292, 295, 296, 297, 298, 299, 302, 303, 304, 306, 308, 309, 310, 311, 312, 313, 315, 316, 317], "summary": {"covered_lines": 210, "num_statements": 233, "percent_covered": 90.12875536480686, "percent_covered_display": "90", "missing_lines": 23, "excluded_lines": 0, "percent_statements_covered": 90.12875536480686, "percent_statements_covered_display": "90"}, "missing_lines": [52, 79, 80, 82, 84, 86, 88, 121, 126, 131, 156, 158, 166, 178, 185, 191, 219, 221, 240, 285, 300, 305, 314], "excluded_lines": [], "functions": {"SecurityDomain.policy_id": {"executed_lines": [25], "summary": {"covered_lines": 1, "num_statements": 1, "percent_covered": 100.0, "percent_covered_display": "100", "missing_lines": 0, "excluded_lines": 0, "percent_statements_covered": 100.0, "percent_statements_covered_display": "100"}, "missing_lines": [], "excluded_lines": [], "start_line": 24}, "PurposeCapability.unsigned": {"executed_lines": [40], "summary": {"covered_lines": 1, "num_statements": 1, "percent_covered": 100.0, "percent_covered_display": "100", "missing_lines": 0, "excluded_lines": 0, "percent_statements_covered": 100.0, "percent_statements_covered_display": "100"}, "missing_lines": [], "excluded_lines": [], "start_line": 39}, "PurposeCapability.capability_id": {"executed_lines": [], "summary": {"covered_lines": 0, "num_statements": 1, "percent_covered": 0.0, "percent_covered_display": "0", "missing_lines": 1, "excluded_lines": 0, "percent_statements_covered": 0.0, "percent_statements_covered_display": "0"}, "missing_lines": [52], "excluded_lines": [], "start_line": 51}, "CapabilityAuthority.__init__": {"executed_lines": [57, 58, 59], "summary": {"covered_lines": 3, "num_statements": 3, "percent_covered": 100.0, "percent_covered_display": "100", "missing_lines": 0, "excluded_lines": 0, "percent_statements_covered": 100.0, "percent_statements_covered_display": "100"}, "missing_lines": [], "excluded_lines": [], "start_line": 56}, "CapabilityAuthority.issue": {"executed_lines": [62, 71, 72], "summary": {"covered_lines": 3, "num_statements": 3, "percent_covered": 100.0, "percent_covered_display": "100", "missing_lines": 0, "excluded_lines": 0, "percent_statements_covered": 100.0, "percent_statements_covered_display": "100"}, "missing_lines": [], "excluded_lines": [], "start_line": 61}, "CapabilityAuthority.verify": {"executed_lines": [77, 78, 81, 83, 85, 87, 89], "summary": {"covered_lines": 7, "num_statements": 13, "percent_covered": 53.84615384615385, "percent_covered_display": "54", "missing_lines": 6, "excluded_lines": 0, "percent_statements_covered": 53.84615384615385, "percent_statements_covered_display": "54"}, "missing_lines": [79, 80, 82, 84, 86, 88], "excluded_lines": [], "start_line": 75}, "DomainKeyVault.__init__": {"executed_lines": [108, 109, 110], "summary": {"covered_lines": 3, "num_statements": 3, "percent_covered": 100.0, "percent_covered_display": "100", "missing_lines": 0, "excluded_lines": 0, "percent_statements_covered": 100.0, "percent_statements_covered_display": "100"}, "missing_lines": [], "excluded_lines": [], "start_line": 107}, "DomainKeyVault.create_domain_key": {"executed_lines": [113, 114, 115, 116, 117], "summary": {"covered_lines": 5, "num_statements": 5, "percent_covered": 100.0, "percent_covered_display": "100", "missing_lines": 0, "excluded_lines": 0, "percent_statements_covered": 100.0, "percent_statements_covered_display": "100"}, "missing_lines": [], "excluded_lines": [], "start_line": 112}, "DomainKeyVault.active": {"executed_lines": [120, 122, 123], "summary": {"covered_lines": 3, "num_statements": 4, "percent_covered": 75.0, "percent_covered_display": "75", "missing_lines": 1, "excluded_lines": 0, "percent_statements_covered": 75.0, "percent_statements_covered_display": "75"}, "missing_lines": [121], "excluded_lines": [], "start_line": 119}, "DomainKeyVault.rotate": {"executed_lines": [], "summary": {"covered_lines": 0, "num_statements": 1, "percent_covered": 0.0, "percent_covered_display": "0", "missing_lines": 1, "excluded_lines": 0, "percent_statements_covered": 0.0, "percent_statements_covered_display": "0"}, "missing_lines": [126], "excluded_lines": [], "start_line": 125}, "DomainKeyVault.destroy_domain": {"executed_lines": [129, 130, 132, 133, 134, 135, 136], "summary": {"covered_lines": 7, "num_statements": 8, "percent_covered": 87.5, "percent_covered_display": "88", "missing_lines": 1, "excluded_lines": 0, "percent_statements_covered": 87.5, "percent_statements_covered_display": "88"}, "missing_lines": [131], "excluded_lines": [], "start_line": 128}, "SovereignAtomStore.__init__": {"executed_lines": [141, 142, 143, 144], "summary": {"covered_lines": 4, "num_statements": 4, "percent_covered": 100.0, "percent_covered_display": "100", "missing_lines": 0, "excluded_lines": 0, "percent_statements_covered": 100.0, "percent_statements_covered_display": "100"}, "missing_lines": [], "excluded_lines": [], "start_line": 140}, "SovereignAtomStore.register_domain": {"executed_lines": [147, 148, 149, 150], "summary": {"covered_lines": 4, "num_statements": 4, "percent_covered": 100.0, "percent_covered_display": "100", "missing_lines": 0, "excluded_lines": 0, "percent_statements_covered": 100.0, "percent_statements_covered_display": "100"}, "missing_lines": [], "excluded_lines": [], "start_line": 146}, "SovereignAtomStore.put": {"executed_lines": [154, 155, 157, 159, 160, 161, 162, 163, 164, 167, 168, 169, 170, 171, 172], "summary": {"covered_lines": 15, "num_statements": 18, "percent_covered": 83.33333333333333, "percent_covered_display": "83", "missing_lines": 3, "excluded_lines": 0, "percent_statements_covered": 83.33333333333333, "percent_statements_covered_display": "83"}, "missing_lines": [156, 158, 166], "excluded_lines": [], "start_line": 152}, "SovereignAtomStore.get": {"executed_lines": [175, 176, 177, 179, 180, 181, 182, 183, 184, 186], "summary": {"covered_lines": 10, "num_statements": 12, "percent_covered": 83.33333333333333, "percent_covered_display": "83", "missing_lines": 2, "excluded_lines": 0, "percent_statements_covered": 83.33333333333333, "percent_statements_covered_display": "83"}, "missing_lines": [178, 185], "excluded_lines": [], "start_line": 174}, "SovereignAtomStore.erase_domain": {"executed_lines": [189, 190, 192], "summary": {"covered_lines": 3, "num_statements": 4, "percent_covered": 75.0, "percent_covered_display": "75", "missing_lines": 1, "excluded_lines": 0, "percent_statements_covered": 75.0, "percent_statements_covered_display": "75"}, "missing_lines": [191], "excluded_lines": [], "start_line": 188}, "InferenceClosureAuthorizer.__init__": {"executed_lines": [208], "summary": {"covered_lines": 1, "num_statements": 1, "percent_covered": 100.0, "percent_covered_display": "100", "missing_lines": 0, "excluded_lines": 0, "percent_statements_covered": 100.0, "percent_statements_covered_display": "100"}, "missing_lines": [], "excluded_lines": [], "start_line": 207}, "InferenceClosureAuthorizer.add": {"executed_lines": [211], "summary": {"covered_lines": 1, "num_statements": 1, "percent_covered": 100.0, "percent_covered_display": "100", "missing_lines": 0, "excluded_lines": 0, "percent_statements_covered": 100.0, "percent_statements_covered_display": "100"}, "missing_lines": [], "excluded_lines": [], "start_line": 210}, "InferenceClosureAuthorizer.closure": {"executed_lines": [214, 215, 216, 217, 218, 220, 222, 223, 224], "summary": {"covered_lines": 9, "num_statements": 11, "percent_covered": 81.81818181818181, "percent_covered_display": "82", "missing_lines": 2, "excluded_lines": 0, "percent_statements_covered": 81.81818181818181, "percent_statements_covered_display": "82"}, "missing_lines": [219, 221], "excluded_lines": [], "start_line": 213}, "InferenceClosureAuthorizer.authorize": {"executed_lines": [228, 229, 230, 231, 241, 242, 243, 244], "summary": {"covered_lines": 8, "num_statements": 9, "percent_covered": 88.88888888888889, "percent_covered_display": "89", "missing_lines": 1, "excluded_lines": 0, "percent_statements_covered": 88.88888888888889, "percent_statements_covered_display": "89"}, "missing_lines": [240], "excluded_lines": [], "start_line": 226}, "WitnessStatement.statement_id": {"executed_lines": [257], "summary": {"covered_lines": 1, "num_statements": 1, "percent_covered": 100.0, "percent_covered_display": "100", "missing_lines": 0, "excluded_lines": 0, "percent_statements_covered": 100.0, "percent_statements_covered_display": "100"}, "missing_lines": [], "excluded_lines": [], "start_line": 256}, "WitnessNode.__init__": {"executed_lines": [268, 269, 270, 271], "summary": {"covered_lines": 4, "num_statements": 4, "percent_covered": 100.0, "percent_covered_display": "100", "missing_lines": 0, "excluded_lines": 0, "percent_statements_covered": 100.0, "percent_statements_covered_display": "100"}, "missing_lines": [], "excluded_lines": [], "start_line": 267}, "WitnessNode.witness": {"executed_lines": [274, 275, 276, 277, 278, 279], "summary": {"covered_lines": 6, "num_statements": 6, "percent_covered": 100.0, "percent_covered_display": "100", "missing_lines": 0, "excluded_lines": 0, "percent_statements_covered": 100.0, "percent_statements_covered_display": "100"}, "missing_lines": [], "excluded_lines": [], "start_line": 273}, "WitnessNode.verify_chain": {"executed_lines": [282, 283, 284, 286, 287, 288, 289, 290, 291, 292], "summary": {"covered_lines": 10, "num_statements": 11, "percent_covered": 90.9090909090909, "percent_covered_display": "91", "missing_lines": 1, "excluded_lines": 0, "percent_statements_covered": 90.9090909090909, "percent_statements_covered_display": "91"}, "missing_lines": [285], "excluded_lines": [], "start_line": 281}, "WitnessQuorum.__init__": {"executed_lines": [297, 298, 299], "summary": {"covered_lines": 3, "num_statements": 4, "percent_covered": 75.0, "percent_covered_display": "75", "missing_lines": 1, "excluded_lines": 0, "percent_statements_covered": 75.0, "percent_statements_covered_display": "75"}, "missing_lines": [300], "excluded_lines": [], "start_line": 296}, "WitnessQuorum.certify": {"executed_lines": [303, 304, 306], "summary": {"covered_lines": 3, "num_statements": 4, "percent_covered": 75.0, "percent_covered_display": "75", "missing_lines": 1, "excluded_lines": 0, "percent_statements_covered": 75.0, "percent_statements_covered_display": "75"}, "missing_lines": [305], "excluded_lines": [], "start_line": 302}, "WitnessQuorum.verify": {"executed_lines": [309, 310, 311, 312, 313, 315, 316, 317], "summary": {"covered_lines": 8, "num_statements": 9, "percent_covered": 88.88888888888889, "percent_covered_display": "89", "missing_lines": 1, "excluded_lines": 0, "percent_statements_covered": 88.88888888888889, "percent_statements_covered_display": "89"}, "missing_lines": [314], "excluded_lines": [], "start_line": 308}, "": {"executed_lines": [1, 3, 4, 5, 7, 8, 9, 11, 14, 15, 16, 17, 18, 19, 20, 21, 23, 24, 28, 29, 30, 31, 32, 33, 34, 35, 36, 37, 39, 50, 51, 55, 56, 61, 74, 75, 92, 93, 94, 95, 96, 97, 98, 99, 100, 101, 104, 107, 112, 119, 125, 128, 139, 140, 146, 152, 174, 188, 195, 196, 197, 198, 199, 200, 201, 204, 207, 210, 213, 226, 247, 248, 249, 250, 251, 252, 253, 255, 256, 266, 267, 273, 281, 295, 296, 302, 308], "summary": {"covered_lines": 87, "num_statements": 87, "percent_covered": 100.0, "percent_covered_display": "100", "missing_lines": 0, "excluded_lines": 0, "percent_statements_covered": 100.0, "percent_statements_covered_display": "100"}, "missing_lines": [], "excluded_lines": [], "start_line": 1}}, "classes": {"SecurityDomain": {"executed_lines": [25], "summary": {"covered_lines": 1, "num_statements": 1, "percent_covered": 100.0, "percent_covered_display": "100", "missing_lines": 0, "excluded_lines": 0, "percent_statements_covered": 100.0, "percent_statements_covered_display": "100"}, "missing_lines": [], "excluded_lines": [], "start_line": 15}, "PurposeCapability": {"executed_lines": [40], "summary": {"covered_lines": 1, "num_statements": 2, "percent_covered": 50.0, "percent_covered_display": "50", "missing_lines": 1, "excluded_lines": 0, "percent_statements_covered": 50.0, "percent_statements_covered_display": "50"}, "missing_lines": [52], "excluded_lines": [], "start_line": 29}, "CapabilityAuthority": {"executed_lines": [57, 58, 59, 62, 71, 72, 77, 78, 81, 83, 85, 87, 89], "summary": {"covered_lines": 13, "num_statements": 19, "percent_covered": 68.42105263157895, "percent_covered_display": "68", "missing_lines": 6, "excluded_lines": 0, "percent_statements_covered": 68.42105263157895, "percent_statements_covered_display": "68"}, "missing_lines": [79, 80, 82, 84, 86, 88], "excluded_lines": [], "start_line": 55}, "EncryptedAtom": {"executed_lines": [], "summary": {"covered_lines": 0, "num_statements": 0, "percent_covered": 100.0, "percent_covered_display": "100", "missing_lines": 0, "excluded_lines": 0, "percent_statements_covered": 100.0, "percent_statements_covered_display": "100"}, "missing_lines": [], "excluded_lines": [], "start_line": 93}, "DomainKeyVault": {"executed_lines": [108, 109, 110, 113, 114, 115, 116, 117, 120, 122, 123, 129, 130, 132, 133, 134, 135, 136], "summary": {"covered_lines": 18, "num_statements": 21, "percent_covered": 85.71428571428571, "percent_covered_display": "86", "missing_lines": 3, "excluded_lines": 0, "percent_statements_covered": 85.71428571428571, "percent_statements_covered_display": "86"}, "missing_lines": [121, 126, 131], "excluded_lines": [], "start_line": 104}, "SovereignAtomStore": {"executed_lines": [141, 142, 143, 144, 147, 148, 149, 150, 154, 155, 157, 159, 160, 161, 162, 163, 164, 167, 168, 169, 170, 171, 172, 175, 176, 177, 179, 180, 181, 182, 183, 184, 186, 189, 190, 192], "summary": {"covered_lines": 36, "num_statements": 42, "percent_covered": 85.71428571428571, "percent_covered_display": "86", "missing_lines": 6, "excluded_lines": 0, "percent_statements_covered": 85.71428571428571, "percent_statements_covered_display": "86"}, "missing_lines": [156, 158, 166, 178, 185, 191], "excluded_lines": [], "start_line": 139}, "ClosureNode": {"executed_lines": [], "summary": {"covered_lines": 0, "num_statements": 0, "percent_covered": 100.0, "percent_covered_display": "100", "missing_lines": 0, "excluded_lines": 0, "percent_statements_covered": 100.0, "percent_statements_covered_display": "100"}, "missing_lines": [], "excluded_lines": [], "start_line": 196}, "InferenceClosureAuthorizer": {"executed_lines": [208, 211, 214, 215, 216, 217, 218, 220, 222, 223, 224, 228, 229, 230, 231, 241, 242, 243, 244], "summary": {"covered_lines": 19, "num_statements": 22, "percent_covered": 86.36363636363636, "percent_covered_display": "86", "missing_lines": 3, "excluded_lines": 0, "percent_statements_covered": 86.36363636363636, "percent_statements_covered_display": "86"}, "missing_lines": [219, 221, 240], "excluded_lines": [], "start_line": 204}, "WitnessStatement": {"executed_lines": [257], "summary": {"covered_lines": 1, "num_statements": 1, "percent_covered": 100.0, "percent_covered_display": "100", "missing_lines": 0, "excluded_lines": 0, "percent_statements_covered": 100.0, "percent_statements_covered_display": "100"}, "missing_lines": [], "excluded_lines": [], "start_line": 248}, "WitnessNode": {"executed_lines": [268, 269, 270, 271, 274, 275, 276, 277, 278, 279, 282, 283, 284, 286, 287, 288, 289, 290, 291, 292], "summary": {"covered_lines": 20, "num_statements": 21, "percent_covered": 95.23809523809524, "percent_covered_display": "95", "missing_lines": 1, "excluded_lines": 0, "percent_statements_covered": 95.23809523809524, "percent_statements_covered_display": "95"}, "missing_lines": [285], "excluded_lines": [], "start_line": 266}, "WitnessQuorum": {"executed_lines": [297, 298, 299, 303, 304, 306, 309, 310, 311, 312, 313, 315, 316, 317], "summary": {"covered_lines": 14, "num_statements": 17, "percent_covered": 82.3529411764706, "percent_covered_display": "82", "missing_lines": 3, "excluded_lines": 0, "percent_statements_covered": 82.3529411764706, "percent_statements_covered_display": "82"}, "missing_lines": [300, 305, 314], "excluded_lines": [], "start_line": 295}, "": {"executed_lines": [1, 3, 4, 5, 7, 8, 9, 11, 14, 15, 16, 17, 18, 19, 20, 21, 23, 24, 28, 29, 30, 31, 32, 33, 34, 35, 36, 37, 39, 50, 51, 55, 56, 61, 74, 75, 92, 93, 94, 95, 96, 97, 98, 99, 100, 101, 104, 107, 112, 119, 125, 128, 139, 140, 146, 152, 174, 188, 195, 196, 197, 198, 199, 200, 201, 204, 207, 210, 213, 226, 247, 248, 249, 250, 251, 252, 253, 255, 256, 266, 267, 273, 281, 295, 296, 302, 308], "summary": {"covered_lines": 87, "num_statements": 87, "percent_covered": 100.0, "percent_covered_display": "100", "missing_lines": 0, "excluded_lines": 0, "percent_statements_covered": 100.0, "percent_statements_covered_display": "100"}, "missing_lines": [], "excluded_lines": [], "start_line": 1}}}}, "totals": {"covered_lines": 1867, "num_statements": 2107, "percent_covered": 88.609397247271, "percent_covered_display": "89", "missing_lines": 240, "excluded_lines": 0, "percent_statements_covered": 88.609397247271, "percent_statements_covered_display": "89"}}